2025-09-26T13:29:13: 
> nextjs_tailwind_shadcn_ts@0.1.0 start
> NODE_ENV=production tsx server.ts 2>&1 | tee server.log

2025-09-26T13:29:15: 2025-09-26T13:29:15: 2025-09-26T13:29:15: 2025-09-26T13:29:15: 
> nextjs_tailwind_shadcn_ts@0.1.0 start
> NODE_ENV=production tsx server.ts 2>&1 | tee server.log

2025-09-26T13:31:14: 
> nextjs_tailwind_shadcn_ts@0.1.0 start
> NODE_ENV=production tsx server.ts 2>&1 | tee server.log

2025-09-26T13:31:15: 2025-09-26T13:31:15: 2025-09-26T13:31:15: 2025-09-26T13:31:16: 
> nextjs_tailwind_shadcn_ts@0.1.0 start
> NODE_ENV=production tsx server.ts 2>&1 | tee server.log

2025-09-26T13:31:17: 2025-09-26T13:31:17: 2025-09-26T13:31:17: 2025-09-26T13:31:17: 
> nextjs_tailwind_shadcn_ts@0.1.0 start
> NODE_ENV=production tsx server.ts 2>&1 | tee server.log

2025-09-26T13:31:19: 2025-09-26T13:31:19: 2025-09-26T13:31:19: 
> nextjs_tailwind_shadcn_ts@0.1.0 start
> NODE_ENV=production tsx server.ts 2>&1 | tee server.log

2025-09-26T13:31:21: 2025-09-26T13:31:21: 2025-09-26T13:31:21: 2025-09-26T13:31:21: 
> nextjs_tailwind_shadcn_ts@0.1.0 start
> NODE_ENV=production tsx server.ts 2>&1 | tee server.log

2025-09-26T13:31:23: 2025-09-26T13:31:23: 2025-09-26T13:31:23: 2025-09-26T13:31:23: 
> nextjs_tailwind_shadcn_ts@0.1.0 start
> NODE_ENV=production tsx server.ts 2>&1 | tee server.log

2025-09-26T13:31:25: 2025-09-26T13:31:25: 2025-09-26T13:31:25: 2025-09-26T13:31:25: 
> nextjs_tailwind_shadcn_ts@0.1.0 start
> NODE_ENV=production tsx server.ts 2>&1 | tee server.log

2025-09-26T13:31:26: 2025-09-26T13:31:26: 2025-09-26T13:31:26: 2025-09-26T13:31:27: 
> nextjs_tailwind_shadcn_ts@0.1.0 start
> NODE_ENV=production tsx server.ts 2>&1 | tee server.log

2025-09-26T13:31:28: 2025-09-26T13:31:28: 2025-09-26T13:31:28: 2025-09-26T13:31:29: 
> nextjs_tailwind_shadcn_ts@0.1.0 start
> NODE_ENV=production tsx server.ts 2>&1 | tee server.log

2025-09-26T13:31:30: 2025-09-26T13:31:30: 2025-09-26T13:31:30: 2025-09-26T13:31:30: 
> nextjs_tailwind_shadcn_ts@0.1.0 start
> NODE_ENV=production tsx server.ts 2>&1 | tee server.log

2025-09-26T13:31:32: 2025-09-26T13:31:32: 2025-09-26T13:31:32: 2025-09-26T13:31:32: 
> nextjs_tailwind_shadcn_ts@0.1.0 start
> NODE_ENV=production tsx server.ts 2>&1 | tee server.log

