2025-09-26T13:23:34: 
> nextjs_tailwind_shadcn_ts@0.1.0 start
> NODE_ENV=production tsx server.ts 2>&1 | tee server.log

2025-09-26T13:23:36: 2025-09-26T13:23:36: 2025-09-26T13:23:36: 2025-09-26T13:23:36: 
> nextjs_tailwind_shadcn_ts@0.1.0 start
> NODE_ENV=production tsx server.ts 2>&1 | tee server.log

2025-09-26T13:23:38: 2025-09-26T13:23:38: 2025-09-26T13:23:38: 2025-09-26T13:23:38: 
> nextjs_tailwind_shadcn_ts@0.1.0 start
> NODE_ENV=production tsx server.ts 2>&1 | tee server.log

2025-09-26T13:23:40: 2025-09-26T13:23:40: 2025-09-26T13:23:40: 2025-09-26T13:23:40: 
> nextjs_tailwind_shadcn_ts@0.1.0 start
> NODE_ENV=production tsx server.ts 2>&1 | tee server.log

2025-09-26T13:23:41: 2025-09-26T13:23:41: 2025-09-26T13:23:41: 2025-09-26T13:23:42: 
> nextjs_tailwind_shadcn_ts@0.1.0 start
> NODE_ENV=production tsx server.ts 2>&1 | tee server.log

2025-09-26T13:23:43: 2025-09-26T13:23:43: 2025-09-26T13:23:43: 2025-09-26T13:23:44: 
> nextjs_tailwind_shadcn_ts@0.1.0 start
> NODE_ENV=production tsx server.ts 2>&1 | tee server.log

2025-09-26T13:23:45: 2025-09-26T13:23:45: 2025-09-26T13:23:45: 2025-09-26T13:23:45: 
> nextjs_tailwind_shadcn_ts@0.1.0 start
> NODE_ENV=production tsx server.ts 2>&1 | tee server.log

2025-09-26T13:23:47: 2025-09-26T13:23:47: 2025-09-26T13:23:47: 2025-09-26T13:23:47: 
> nextjs_tailwind_shadcn_ts@0.1.0 start
> NODE_ENV=production tsx server.ts 2>&1 | tee server.log

2025-09-26T13:23:49: 2025-09-26T13:23:49: 2025-09-26T13:23:49: 2025-09-26T13:23:49: 
> nextjs_tailwind_shadcn_ts@0.1.0 start
> NODE_ENV=production tsx server.ts 2>&1 | tee server.log

2025-09-26T13:23:51: 2025-09-26T13:23:51: 2025-09-26T13:23:51: 2025-09-26T13:23:51: 
> nextjs_tailwind_shadcn_ts@0.1.0 start
> NODE_ENV=production tsx server.ts 2>&1 | tee server.log

2025-09-26T13:23:53: 2025-09-26T13:23:53: 2025-09-26T13:23:53: 2025-09-26T13:23:53: 
> nextjs_tailwind_shadcn_ts@0.1.0 start
> NODE_ENV=production tsx server.ts 2>&1 | tee server.log

2025-09-26T13:23:54: 2025-09-26T13:23:54: 2025-09-26T13:23:54: 2025-09-26T13:23:55: 
> nextjs_tailwind_shadcn_ts@0.1.0 start
> NODE_ENV=production tsx server.ts 2>&1 | tee server.log

2025-09-26T13:23:56: 2025-09-26T13:23:56: 2025-09-26T13:23:56: 2025-09-26T13:23:57: 
> nextjs_tailwind_shadcn_ts@0.1.0 start
> NODE_ENV=production tsx server.ts 2>&1 | tee server.log

2025-09-26T13:23:58: 2025-09-26T13:23:58: 2025-09-26T13:23:58: 2025-09-26T13:23:58: 
> nextjs_tailwind_shadcn_ts@0.1.0 start
> NODE_ENV=production tsx server.ts 2>&1 | tee server.log

2025-09-26T13:24:00: 2025-09-26T13:24:00: 2025-09-26T13:24:00: 2025-09-26T13:24:00: 
> nextjs_tailwind_shadcn_ts@0.1.0 start
> NODE_ENV=production tsx server.ts 2>&1 | tee server.log

2025-09-26T13:24:02: 2025-09-26T13:24:02: 2025-09-26T13:24:02: 2025-09-26T13:24:02: 
> nextjs_tailwind_shadcn_ts@0.1.0 start
> NODE_ENV=production tsx server.ts 2>&1 | tee server.log

2025-09-26T13:24:04: 2025-09-26T13:24:04: 2025-09-26T13:24:04: 2025-09-26T13:24:04: 
> nextjs_tailwind_shadcn_ts@0.1.0 start
> NODE_ENV=production tsx server.ts 2>&1 | tee server.log

2025-09-26T13:24:06: 2025-09-26T13:24:06: 2025-09-26T13:24:06: 2025-09-26T13:24:06: 
> nextjs_tailwind_shadcn_ts@0.1.0 start
> NODE_ENV=production tsx server.ts 2>&1 | tee server.log

2025-09-26T13:24:07: 2025-09-26T13:24:07: 2025-09-26T13:24:07: 2025-09-26T13:24:08: 
> nextjs_tailwind_shadcn_ts@0.1.0 start
> NODE_ENV=production tsx server.ts 2>&1 | tee server.log

2025-09-26T13:24:09: 2025-09-26T13:24:09: 2025-09-26T13:24:09: 2025-09-26T13:24:10: 
> nextjs_tailwind_shadcn_ts@0.1.0 start
> NODE_ENV=production tsx server.ts 2>&1 | tee server.log

2025-09-26T13:24:11: 2025-09-26T13:24:11: 2025-09-26T13:24:11: 2025-09-26T13:24:11: 
> nextjs_tailwind_shadcn_ts@0.1.0 start
> NODE_ENV=production tsx server.ts 2>&1 | tee server.log

2025-09-26T13:24:13: 2025-09-26T13:24:13: 2025-09-26T13:24:13: 2025-09-26T13:24:13: 
> nextjs_tailwind_shadcn_ts@0.1.0 start
> NODE_ENV=production tsx server.ts 2>&1 | tee server.log

2025-09-26T13:24:15: 2025-09-26T13:24:15: 2025-09-26T13:24:15: 2025-09-26T13:24:15: 
> nextjs_tailwind_shadcn_ts@0.1.0 start
> NODE_ENV=production tsx server.ts 2>&1 | tee server.log

2025-09-26T13:24:17: 2025-09-26T13:24:17: 2025-09-26T13:24:17: 2025-09-26T13:24:17: 
> nextjs_tailwind_shadcn_ts@0.1.0 start
> NODE_ENV=production tsx server.ts 2>&1 | tee server.log

2025-09-26T13:24:19: 2025-09-26T13:24:19: 2025-09-26T13:24:19: 2025-09-26T13:24:19: 
> nextjs_tailwind_shadcn_ts@0.1.0 start
> NODE_ENV=production tsx server.ts 2>&1 | tee server.log

2025-09-26T13:24:21: 2025-09-26T13:24:21: 2025-09-26T13:24:21: 2025-09-26T13:24:21: 
> nextjs_tailwind_shadcn_ts@0.1.0 start
> NODE_ENV=production tsx server.ts 2>&1 | tee server.log

2025-09-26T13:24:23: 2025-09-26T13:24:23: 2025-09-26T13:24:23: 2025-09-26T13:24:23: 
> nextjs_tailwind_shadcn_ts@0.1.0 start
> NODE_ENV=production tsx server.ts 2>&1 | tee server.log

2025-09-26T13:24:24: 2025-09-26T13:24:24: 2025-09-26T13:24:24: 2025-09-26T13:24:25: 
> nextjs_tailwind_shadcn_ts@0.1.0 start
> NODE_ENV=production tsx server.ts 2>&1 | tee server.log

2025-09-26T13:24:26: 2025-09-26T13:24:26: 2025-09-26T13:24:26: 2025-09-26T13:24:27: 
> nextjs_tailwind_shadcn_ts@0.1.0 start
> NODE_ENV=production tsx server.ts 2>&1 | tee server.log

2025-09-26T13:24:28: 2025-09-26T13:24:28: 2025-09-26T13:24:28: 2025-09-26T13:24:28: 
> nextjs_tailwind_shadcn_ts@0.1.0 start
> NODE_ENV=production tsx server.ts 2>&1 | tee server.log

2025-09-26T13:24:30: 2025-09-26T13:24:30: 2025-09-26T13:24:30: 2025-09-26T13:24:30: 
> nextjs_tailwind_shadcn_ts@0.1.0 start
> NODE_ENV=production tsx server.ts 2>&1 | tee server.log

2025-09-26T13:24:32: 2025-09-26T13:24:32: 2025-09-26T13:24:32: 2025-09-26T13:24:32: 
> nextjs_tailwind_shadcn_ts@0.1.0 start
> NODE_ENV=production tsx server.ts 2>&1 | tee server.log

2025-09-26T13:24:34: 2025-09-26T13:24:34: 2025-09-26T13:24:34: 2025-09-26T13:24:34: 
> nextjs_tailwind_shadcn_ts@0.1.0 start
> NODE_ENV=production tsx server.ts 2>&1 | tee server.log

2025-09-26T13:24:36: 2025-09-26T13:24:36: 2025-09-26T13:24:36: 2025-09-26T13:24:36: 
> nextjs_tailwind_shadcn_ts@0.1.0 start
> NODE_ENV=production tsx server.ts 2>&1 | tee server.log

2025-09-26T13:24:37: 2025-09-26T13:24:37: 2025-09-26T13:24:37: 2025-09-26T13:24:38: 
> nextjs_tailwind_shadcn_ts@0.1.0 start
> NODE_ENV=production tsx server.ts 2>&1 | tee server.log

2025-09-26T13:24:39: 2025-09-26T13:24:39: 2025-09-26T13:24:39: 2025-09-26T13:24:40: 
> nextjs_tailwind_shadcn_ts@0.1.0 start
> NODE_ENV=production tsx server.ts 2>&1 | tee server.log

2025-09-26T13:24:41: 2025-09-26T13:24:41: 2025-09-26T13:24:41: 2025-09-26T13:24:41: 
> nextjs_tailwind_shadcn_ts@0.1.0 start
> NODE_ENV=production tsx server.ts 2>&1 | tee server.log

2025-09-26T13:31:41: 
> nextjs_tailwind_shadcn_ts@0.1.0 start
> NODE_ENV=production tsx server.ts 2>&1 | tee server.log

2025-09-26T13:31:42: 2025-09-26T13:31:42: 2025-09-26T13:31:42: 2025-09-26T13:31:43: 
> nextjs_tailwind_shadcn_ts@0.1.0 start
> NODE_ENV=production tsx server.ts 2>&1 | tee server.log

2025-09-26T13:31:44: 2025-09-26T13:31:44: 2025-09-26T13:31:44: 2025-09-26T13:31:45: 
> nextjs_tailwind_shadcn_ts@0.1.0 start
> NODE_ENV=production tsx server.ts 2>&1 | tee server.log

2025-09-26T13:31:46: 2025-09-26T13:31:46: 2025-09-26T13:31:46: 2025-09-26T13:31:46: 
> nextjs_tailwind_shadcn_ts@0.1.0 start
> NODE_ENV=production tsx server.ts 2>&1 | tee server.log

2025-09-26T13:31:48: 2025-09-26T13:31:48: 2025-09-26T13:31:48: 2025-09-26T13:31:48: 
> nextjs_tailwind_shadcn_ts@0.1.0 start
> NODE_ENV=production tsx server.ts 2>&1 | tee server.log

2025-09-26T13:31:50: 2025-09-26T13:31:50: 2025-09-26T13:31:50: 2025-09-26T13:31:50: 
> nextjs_tailwind_shadcn_ts@0.1.0 start
> NODE_ENV=production tsx server.ts 2>&1 | tee server.log

2025-09-26T13:32:30: 
> nextjs_tailwind_shadcn_ts@0.1.0 start
> NODE_ENV=production tsx server.ts 2>&1 | tee server.log

2025-09-26T13:32:32: 2025-09-26T13:32:32: 2025-09-26T13:32:32: 2025-09-26T13:32:32: 
> nextjs_tailwind_shadcn_ts@0.1.0 start
> NODE_ENV=production tsx server.ts 2>&1 | tee server.log

2025-09-26T13:32:34: 2025-09-26T13:32:34: 2025-09-26T13:32:34: 2025-09-26T13:32:34: 
> nextjs_tailwind_shadcn_ts@0.1.0 start
> NODE_ENV=production tsx server.ts 2>&1 | tee server.log

2025-09-26T13:32:36: 2025-09-26T13:32:36: 2025-09-26T13:32:36: 2025-09-26T13:32:36: 
> nextjs_tailwind_shadcn_ts@0.1.0 start
> NODE_ENV=production tsx server.ts 2>&1 | tee server.log

2025-09-26T13:32:38: 2025-09-26T13:32:38: 2025-09-26T13:32:38: 2025-09-26T13:32:38: 
> nextjs_tailwind_shadcn_ts@0.1.0 start
> NODE_ENV=production tsx server.ts 2>&1 | tee server.log

2025-09-26T13:32:39: 2025-09-26T13:32:39: 2025-09-26T13:32:39: 2025-09-26T13:32:40: 
> nextjs_tailwind_shadcn_ts@0.1.0 start
> NODE_ENV=production tsx server.ts 2>&1 | tee server.log

2025-09-26T13:32:41: 2025-09-26T13:32:41: 2025-09-26T13:32:41: 2025-09-26T13:32:42: 
> nextjs_tailwind_shadcn_ts@0.1.0 start
> NODE_ENV=production tsx server.ts 2>&1 | tee server.log

2025-09-26T13:32:43: 2025-09-26T13:32:43: 2025-09-26T13:32:43: 2025-09-26T13:32:43: 
> nextjs_tailwind_shadcn_ts@0.1.0 start
> NODE_ENV=production tsx server.ts 2>&1 | tee server.log

2025-09-26T13:32:45: 2025-09-26T13:32:45: 2025-09-26T13:32:45: 2025-09-26T13:32:45: 
> nextjs_tailwind_shadcn_ts@0.1.0 start
> NODE_ENV=production tsx server.ts 2>&1 | tee server.log

2025-09-26T13:32:47: 2025-09-26T13:32:47: 2025-09-26T13:32:47: 2025-09-26T13:32:47: 
> nextjs_tailwind_shadcn_ts@0.1.0 start
> NODE_ENV=production tsx server.ts 2>&1 | tee server.log

2025-09-26T13:32:49: 2025-09-26T13:32:49: 2025-09-26T13:32:49: 2025-09-26T13:32:49: 
> nextjs_tailwind_shadcn_ts@0.1.0 start
> NODE_ENV=production tsx server.ts 2>&1 | tee server.log

2025-09-26T13:32:51: 2025-09-26T13:32:51: 2025-09-26T13:32:51: 2025-09-26T13:32:51: 
> nextjs_tailwind_shadcn_ts@0.1.0 start
> NODE_ENV=production tsx server.ts 2>&1 | tee server.log

2025-09-26T13:32:52: 2025-09-26T13:32:52: 2025-09-26T13:32:52: 2025-09-26T13:32:53: 
> nextjs_tailwind_shadcn_ts@0.1.0 start
> NODE_ENV=production tsx server.ts 2>&1 | tee server.log

2025-09-26T13:32:54: 2025-09-26T13:32:54: 2025-09-26T13:32:54: 2025-09-26T13:32:55: 
> nextjs_tailwind_shadcn_ts@0.1.0 start
> NODE_ENV=production tsx server.ts 2>&1 | tee server.log

2025-09-26T13:32:56: 2025-09-26T13:32:56: 2025-09-26T13:32:56: 2025-09-26T13:32:56: 
> nextjs_tailwind_shadcn_ts@0.1.0 start
> NODE_ENV=production tsx server.ts 2>&1 | tee server.log

2025-09-26T13:32:58: 2025-09-26T13:32:58: 2025-09-26T13:32:58: 2025-09-26T13:32:58: 
> nextjs_tailwind_shadcn_ts@0.1.0 start
> NODE_ENV=production tsx server.ts 2>&1 | tee server.log

2025-09-26T13:33:00: 2025-09-26T13:33:00: 2025-09-26T13:33:00: 2025-09-26T13:33:00: 
> nextjs_tailwind_shadcn_ts@0.1.0 start
> NODE_ENV=production tsx server.ts 2>&1 | tee server.log

2025-09-26T13:33:02: 2025-09-26T13:33:02: 2025-09-26T13:33:02: 2025-09-26T13:33:02: 
> nextjs_tailwind_shadcn_ts@0.1.0 start
> NODE_ENV=production tsx server.ts 2>&1 | tee server.log

2025-09-26T13:33:04: 2025-09-26T13:33:04: 2025-09-26T13:33:04: 2025-09-26T13:33:04: 
> nextjs_tailwind_shadcn_ts@0.1.0 start
> NODE_ENV=production tsx server.ts 2>&1 | tee server.log

2025-09-26T13:33:05: 2025-09-26T13:33:05: 2025-09-26T13:33:05: 2025-09-26T13:33:06: 
> nextjs_tailwind_shadcn_ts@0.1.0 start
> NODE_ENV=production tsx server.ts 2>&1 | tee server.log

2025-09-26T13:33:07: 2025-09-26T13:33:07: 2025-09-26T13:33:07: 2025-09-26T13:33:08: 
> nextjs_tailwind_shadcn_ts@0.1.0 start
> NODE_ENV=production tsx server.ts 2>&1 | tee server.log

2025-09-26T13:33:09: 2025-09-26T13:33:09: 2025-09-26T13:33:09: 2025-09-26T13:33:09: 
> nextjs_tailwind_shadcn_ts@0.1.0 start
> NODE_ENV=production tsx server.ts 2>&1 | tee server.log

2025-09-26T13:33:11: 2025-09-26T13:33:11: 2025-09-26T13:33:11: 2025-09-26T13:33:11: 
> nextjs_tailwind_shadcn_ts@0.1.0 start
> NODE_ENV=production tsx server.ts 2>&1 | tee server.log

2025-09-26T13:33:13: 2025-09-26T13:33:13: 2025-09-26T13:33:13: 2025-09-26T13:33:13: 
> nextjs_tailwind_shadcn_ts@0.1.0 start
> NODE_ENV=production tsx server.ts 2>&1 | tee server.log

2025-09-26T13:33:15: 2025-09-26T13:33:15: 2025-09-26T13:33:15: 2025-09-26T13:33:15: 
> nextjs_tailwind_shadcn_ts@0.1.0 start
> NODE_ENV=production tsx server.ts 2>&1 | tee server.log

2025-09-26T13:33:17: 2025-09-26T13:33:17: 2025-09-26T13:33:17: 2025-09-26T13:33:17: 
> nextjs_tailwind_shadcn_ts@0.1.0 start
> NODE_ENV=production tsx server.ts 2>&1 | tee server.log

2025-09-26T13:33:18: 2025-09-26T13:33:18: 2025-09-26T13:33:18: 2025-09-26T13:33:19: 
> nextjs_tailwind_shadcn_ts@0.1.0 start
> NODE_ENV=production tsx server.ts 2>&1 | tee server.log

2025-09-26T13:33:20: 2025-09-26T13:33:20: 2025-09-26T13:33:20: 2025-09-26T13:33:21: 
> nextjs_tailwind_shadcn_ts@0.1.0 start
> NODE_ENV=production tsx server.ts 2>&1 | tee server.log

2025-09-26T13:33:22: 2025-09-26T13:33:22: 2025-09-26T13:33:22: 2025-09-26T13:33:22: 
> nextjs_tailwind_shadcn_ts@0.1.0 start
> NODE_ENV=production tsx server.ts 2>&1 | tee server.log

2025-09-26T13:33:24: 2025-09-26T13:33:24: 2025-09-26T13:33:24: 2025-09-26T13:33:24: 
> nextjs_tailwind_shadcn_ts@0.1.0 start
> NODE_ENV=production tsx server.ts 2>&1 | tee server.log

2025-09-26T13:33:26: 2025-09-26T13:33:26: 2025-09-26T13:33:26: 2025-09-26T13:33:26: 
> nextjs_tailwind_shadcn_ts@0.1.0 start
> NODE_ENV=production tsx server.ts 2>&1 | tee server.log

2025-09-26T13:33:28: 2025-09-26T13:33:28: 2025-09-26T13:33:28: 2025-09-26T13:33:28: 
> nextjs_tailwind_shadcn_ts@0.1.0 start
> NODE_ENV=production tsx server.ts 2>&1 | tee server.log

2025-09-26T13:33:30: 2025-09-26T13:33:30: 2025-09-26T13:33:30: 2025-09-26T13:33:30: 
> nextjs_tailwind_shadcn_ts@0.1.0 start
> NODE_ENV=production tsx server.ts 2>&1 | tee server.log

2025-09-26T13:33:31: 2025-09-26T13:33:31: 2025-09-26T13:33:31: 2025-09-26T13:33:32: 
> nextjs_tailwind_shadcn_ts@0.1.0 start
> NODE_ENV=production tsx server.ts 2>&1 | tee server.log

2025-09-26T13:33:33: 2025-09-26T13:33:33: 2025-09-26T13:33:33: 2025-09-26T13:33:34: 
> nextjs_tailwind_shadcn_ts@0.1.0 start
> NODE_ENV=production tsx server.ts 2>&1 | tee server.log

2025-09-26T13:33:35: 2025-09-26T13:33:35: 2025-09-26T13:33:35: 2025-09-26T13:33:35: 
> nextjs_tailwind_shadcn_ts@0.1.0 start
> NODE_ENV=production tsx server.ts 2>&1 | tee server.log

2025-09-26T13:33:37: 2025-09-26T13:33:37: 2025-09-26T13:33:37: 2025-09-26T13:33:37: 
> nextjs_tailwind_shadcn_ts@0.1.0 start
> NODE_ENV=production tsx server.ts 2>&1 | tee server.log

2025-09-26T13:33:39: 2025-09-26T13:33:39: 2025-09-26T13:33:39: 2025-09-26T13:33:39: 
> nextjs_tailwind_shadcn_ts@0.1.0 start
> NODE_ENV=production tsx server.ts 2>&1 | tee server.log

2025-09-26T13:33:41: 2025-09-26T13:33:41: 2025-09-26T13:33:41: 2025-09-26T13:33:41: 
> nextjs_tailwind_shadcn_ts@0.1.0 start
> NODE_ENV=production tsx server.ts 2>&1 | tee server.log

2025-09-26T13:33:43: 2025-09-26T13:33:43: 2025-09-26T13:33:43: 2025-09-26T13:33:43: 
> nextjs_tailwind_shadcn_ts@0.1.0 start
> NODE_ENV=production tsx server.ts 2>&1 | tee server.log

2025-09-26T13:33:45: 2025-09-26T13:33:45: 2025-09-26T13:33:45: 2025-09-26T13:33:45: 
> nextjs_tailwind_shadcn_ts@0.1.0 start
> NODE_ENV=production tsx server.ts 2>&1 | tee server.log

2025-09-26T13:33:46: 2025-09-26T13:33:46: 2025-09-26T13:33:46: 2025-09-26T13:33:47: 
> nextjs_tailwind_shadcn_ts@0.1.0 start
> NODE_ENV=production tsx server.ts 2>&1 | tee server.log

2025-09-26T13:33:48: 2025-09-26T13:33:48: 2025-09-26T13:33:48: 2025-09-26T13:33:49: 
> nextjs_tailwind_shadcn_ts@0.1.0 start
> NODE_ENV=production tsx server.ts 2>&1 | tee server.log

2025-09-26T13:33:50: 2025-09-26T13:33:50: 2025-09-26T13:33:50: 2025-09-26T13:33:51: 
> nextjs_tailwind_shadcn_ts@0.1.0 start
> NODE_ENV=production tsx server.ts 2>&1 | tee server.log

2025-09-26T13:33:52: 2025-09-26T13:33:52: 2025-09-26T13:33:52: 2025-09-26T13:33:53: 
> nextjs_tailwind_shadcn_ts@0.1.0 start
> NODE_ENV=production tsx server.ts 2>&1 | tee server.log

2025-09-26T13:33:54: 2025-09-26T13:33:54: 2025-09-26T13:33:54: 2025-09-26T13:33:54: 
> nextjs_tailwind_shadcn_ts@0.1.0 start
> NODE_ENV=production tsx server.ts 2>&1 | tee server.log

2025-09-26T13:33:56: 2025-09-26T13:33:56: 2025-09-26T13:33:56: 2025-09-26T13:33:56: 
> nextjs_tailwind_shadcn_ts@0.1.0 start
> NODE_ENV=production tsx server.ts 2>&1 | tee server.log

2025-09-26T13:33:58: 2025-09-26T13:33:58: 2025-09-26T13:33:58: 2025-09-26T13:33:59: 
> nextjs_tailwind_shadcn_ts@0.1.0 start
> NODE_ENV=production tsx server.ts 2>&1 | tee server.log

2025-09-26T13:34:00: 2025-09-26T13:34:00: 2025-09-26T13:34:00: 2025-09-26T13:34:00: 
> nextjs_tailwind_shadcn_ts@0.1.0 start
> NODE_ENV=production tsx server.ts 2>&1 | tee server.log

2025-09-26T13:34:02: 2025-09-26T13:34:02: 2025-09-26T13:34:02: 2025-09-26T13:34:03: 
> nextjs_tailwind_shadcn_ts@0.1.0 start
> NODE_ENV=production tsx server.ts 2>&1 | tee server.log

2025-09-26T13:34:04: 2025-09-26T13:34:04: 2025-09-26T13:34:04: 2025-09-26T13:34:04: 
> nextjs_tailwind_shadcn_ts@0.1.0 start
> NODE_ENV=production tsx server.ts 2>&1 | tee server.log

2025-09-26T13:34:06: 2025-09-26T13:34:06: 2025-09-26T13:34:06: 2025-09-26T13:34:06: 
> nextjs_tailwind_shadcn_ts@0.1.0 start
> NODE_ENV=production tsx server.ts 2>&1 | tee server.log

2025-09-26T13:34:08: 2025-09-26T13:34:08: 2025-09-26T13:34:08: 2025-09-26T13:34:08: 
> nextjs_tailwind_shadcn_ts@0.1.0 start
> NODE_ENV=production tsx server.ts 2>&1 | tee server.log

2025-09-26T13:34:10: 2025-09-26T13:34:10: 2025-09-26T13:34:10: 2025-09-26T13:34:10: 
> nextjs_tailwind_shadcn_ts@0.1.0 start
> NODE_ENV=production tsx server.ts 2>&1 | tee server.log

2025-09-26T13:34:12: 2025-09-26T13:34:12: 2025-09-26T13:34:12: 2025-09-26T13:34:12: 
> nextjs_tailwind_shadcn_ts@0.1.0 start
> NODE_ENV=production tsx server.ts 2>&1 | tee server.log

2025-09-26T13:34:14: 2025-09-26T13:34:14: 2025-09-26T13:34:14: 2025-09-26T13:34:14: 
> nextjs_tailwind_shadcn_ts@0.1.0 start
> NODE_ENV=production tsx server.ts 2>&1 | tee server.log

2025-09-26T13:34:15: 2025-09-26T13:34:15: 2025-09-26T13:34:15: 2025-09-26T13:34:16: 
> nextjs_tailwind_shadcn_ts@0.1.0 start
> NODE_ENV=production tsx server.ts 2>&1 | tee server.log

2025-09-26T13:34:17: 2025-09-26T13:34:17: 2025-09-26T13:34:17: 2025-09-26T13:34:18: 
> nextjs_tailwind_shadcn_ts@0.1.0 start
> NODE_ENV=production tsx server.ts 2>&1 | tee server.log

2025-09-26T13:34:19: 2025-09-26T13:34:19: 2025-09-26T13:34:19: 2025-09-26T13:34:20: 
> nextjs_tailwind_shadcn_ts@0.1.0 start
> NODE_ENV=production tsx server.ts 2>&1 | tee server.log

2025-09-26T13:34:21: 2025-09-26T13:34:21: 2025-09-26T13:34:21: 2025-09-26T13:34:21: 
> nextjs_tailwind_shadcn_ts@0.1.0 start
> NODE_ENV=production tsx server.ts 2>&1 | tee server.log

2025-09-26T13:34:23: 2025-09-26T13:34:23: 2025-09-26T13:34:23: 2025-09-26T13:34:23: 
> nextjs_tailwind_shadcn_ts@0.1.0 start
> NODE_ENV=production tsx server.ts 2>&1 | tee server.log

2025-09-26T13:34:25: 2025-09-26T13:34:25: 2025-09-26T13:34:25: 2025-09-26T13:34:25: 
> nextjs_tailwind_shadcn_ts@0.1.0 start
> NODE_ENV=production tsx server.ts 2>&1 | tee server.log

2025-09-26T13:34:27: 2025-09-26T13:34:27: 2025-09-26T13:34:27: 2025-09-26T13:34:27: 
> nextjs_tailwind_shadcn_ts@0.1.0 start
> NODE_ENV=production tsx server.ts 2>&1 | tee server.log

2025-09-26T13:34:29: 2025-09-26T13:34:29: 2025-09-26T13:34:29: 2025-09-26T13:34:29: 
> nextjs_tailwind_shadcn_ts@0.1.0 start
> NODE_ENV=production tsx server.ts 2>&1 | tee server.log

2025-09-26T13:34:31: 2025-09-26T13:34:31: 2025-09-26T13:34:31: 2025-09-26T13:34:31: 
> nextjs_tailwind_shadcn_ts@0.1.0 start
> NODE_ENV=production tsx server.ts 2>&1 | tee server.log

2025-09-26T13:34:32: 2025-09-26T13:34:32: 2025-09-26T13:34:32: 2025-09-26T13:34:33: 
> nextjs_tailwind_shadcn_ts@0.1.0 start
> NODE_ENV=production tsx server.ts 2>&1 | tee server.log

2025-09-26T13:34:34: 2025-09-26T13:34:34: 2025-09-26T13:34:34: 2025-09-26T13:34:35: 
> nextjs_tailwind_shadcn_ts@0.1.0 start
> NODE_ENV=production tsx server.ts 2>&1 | tee server.log

2025-09-26T13:34:36: 2025-09-26T13:34:36: 2025-09-26T13:34:36: 2025-09-26T13:34:36: 
> nextjs_tailwind_shadcn_ts@0.1.0 start
> NODE_ENV=production tsx server.ts 2>&1 | tee server.log

2025-09-26T13:34:38: 2025-09-26T13:34:38: 2025-09-26T13:34:38: 2025-09-26T13:34:38: 
> nextjs_tailwind_shadcn_ts@0.1.0 start
> NODE_ENV=production tsx server.ts 2>&1 | tee server.log

2025-09-26T13:34:40: 2025-09-26T13:34:40: 2025-09-26T13:34:40: 2025-09-26T13:34:40: 
> nextjs_tailwind_shadcn_ts@0.1.0 start
> NODE_ENV=production tsx server.ts 2>&1 | tee server.log

2025-09-26T13:34:42: 2025-09-26T13:34:42: 2025-09-26T13:34:42: 2025-09-26T13:34:42: 
> nextjs_tailwind_shadcn_ts@0.1.0 start
> NODE_ENV=production tsx server.ts 2>&1 | tee server.log

2025-09-26T13:34:44: 2025-09-26T13:34:44: 2025-09-26T13:34:44: 2025-09-26T13:34:44: 
> nextjs_tailwind_shadcn_ts@0.1.0 start
> NODE_ENV=production tsx server.ts 2>&1 | tee server.log

2025-09-26T13:34:46: 2025-09-26T13:34:46: 2025-09-26T13:34:46: 2025-09-26T13:34:46: 
> nextjs_tailwind_shadcn_ts@0.1.0 start
> NODE_ENV=production tsx server.ts 2>&1 | tee server.log

2025-09-26T13:34:47: 2025-09-26T13:34:47: 2025-09-26T13:34:47: 2025-09-26T13:34:48: 
> nextjs_tailwind_shadcn_ts@0.1.0 start
> NODE_ENV=production tsx server.ts 2>&1 | tee server.log

2025-09-26T13:34:49: 2025-09-26T13:34:49: 2025-09-26T13:34:49: 2025-09-26T13:34:50: 
> nextjs_tailwind_shadcn_ts@0.1.0 start
> NODE_ENV=production tsx server.ts 2>&1 | tee server.log

2025-09-26T13:34:51: 2025-09-26T13:34:51: 2025-09-26T13:34:51: 2025-09-26T13:34:52: 
> nextjs_tailwind_shadcn_ts@0.1.0 start
> NODE_ENV=production tsx server.ts 2>&1 | tee server.log

2025-09-26T13:34:53: 2025-09-26T13:34:53: 2025-09-26T13:34:53: 2025-09-26T13:34:53: 
> nextjs_tailwind_shadcn_ts@0.1.0 start
> NODE_ENV=production tsx server.ts 2>&1 | tee server.log

2025-09-26T13:34:55: 2025-09-26T13:34:55: 2025-09-26T13:34:55: 2025-09-26T13:34:55: 
> nextjs_tailwind_shadcn_ts@0.1.0 start
> NODE_ENV=production tsx server.ts 2>&1 | tee server.log

2025-09-26T13:34:57: 2025-09-26T13:34:57: 2025-09-26T13:34:57: 2025-09-26T13:34:57: 
> nextjs_tailwind_shadcn_ts@0.1.0 start
> NODE_ENV=production tsx server.ts 2>&1 | tee server.log

2025-09-26T13:34:59: 2025-09-26T13:34:59: 2025-09-26T13:34:59: 2025-09-26T13:34:59: 
> nextjs_tailwind_shadcn_ts@0.1.0 start
> NODE_ENV=production tsx server.ts 2>&1 | tee server.log

2025-09-26T13:35:01: 2025-09-26T13:35:01: 2025-09-26T13:35:01: 2025-09-26T13:35:01: 
> nextjs_tailwind_shadcn_ts@0.1.0 start
> NODE_ENV=production tsx server.ts 2>&1 | tee server.log

2025-09-26T13:35:03: 2025-09-26T13:35:03: 2025-09-26T13:35:03: 2025-09-26T13:35:03: 
> nextjs_tailwind_shadcn_ts@0.1.0 start
> NODE_ENV=production tsx server.ts 2>&1 | tee server.log

2025-09-26T13:35:05: 2025-09-26T13:35:05: 2025-09-26T13:35:05: 2025-09-26T13:35:05: 
> nextjs_tailwind_shadcn_ts@0.1.0 start
> NODE_ENV=production tsx server.ts 2>&1 | tee server.log

2025-09-26T13:35:07: 2025-09-26T13:35:07: 2025-09-26T13:35:07: 2025-09-26T13:35:07: 
> nextjs_tailwind_shadcn_ts@0.1.0 start
> NODE_ENV=production tsx server.ts 2>&1 | tee server.log

2025-09-26T13:35:08: 2025-09-26T13:35:08: 2025-09-26T13:35:08: 2025-09-26T13:35:09: 
> nextjs_tailwind_shadcn_ts@0.1.0 start
> NODE_ENV=production tsx server.ts 2>&1 | tee server.log

2025-09-26T13:35:10: 2025-09-26T13:35:10: 2025-09-26T13:35:10: 2025-09-26T13:35:11: 
> nextjs_tailwind_shadcn_ts@0.1.0 start
> NODE_ENV=production tsx server.ts 2>&1 | tee server.log

2025-09-26T13:35:12: 2025-09-26T13:35:12: 2025-09-26T13:35:12: 2025-09-26T13:35:13: 
> nextjs_tailwind_shadcn_ts@0.1.0 start
> NODE_ENV=production tsx server.ts 2>&1 | tee server.log

2025-09-26T13:35:14: 2025-09-26T13:35:14: 2025-09-26T13:35:14: 2025-09-26T13:35:15: 
> nextjs_tailwind_shadcn_ts@0.1.0 start
> NODE_ENV=production tsx server.ts 2>&1 | tee server.log

2025-09-26T13:35:16: 2025-09-26T13:35:16: 2025-09-26T13:35:16: 2025-09-26T13:35:16: 
> nextjs_tailwind_shadcn_ts@0.1.0 start
> NODE_ENV=production tsx server.ts 2>&1 | tee server.log

2025-09-26T13:35:18: 2025-09-26T13:35:18: 2025-09-26T13:35:18: 2025-09-26T13:35:19: 
> nextjs_tailwind_shadcn_ts@0.1.0 start
> NODE_ENV=production tsx server.ts 2>&1 | tee server.log

2025-09-26T13:35:20: 2025-09-26T13:35:20: 2025-09-26T13:35:20: 2025-09-26T13:35:21: 
> nextjs_tailwind_shadcn_ts@0.1.0 start
> NODE_ENV=production tsx server.ts 2>&1 | tee server.log

2025-09-26T13:35:22: 2025-09-26T13:35:22: 2025-09-26T13:35:22: 2025-09-26T13:35:23: 
> nextjs_tailwind_shadcn_ts@0.1.0 start
> NODE_ENV=production tsx server.ts 2>&1 | tee server.log

2025-09-26T13:35:25: 2025-09-26T13:35:25: 2025-09-26T13:35:25: 2025-09-26T13:35:25: 
> nextjs_tailwind_shadcn_ts@0.1.0 start
> NODE_ENV=production tsx server.ts 2>&1 | tee server.log

2025-09-26T13:35:27: 2025-09-26T13:35:27: 2025-09-26T13:35:27: 2025-09-26T13:35:27: 
> nextjs_tailwind_shadcn_ts@0.1.0 start
> NODE_ENV=production tsx server.ts 2>&1 | tee server.log

2025-09-26T13:35:29: 2025-09-26T13:35:29: 2025-09-26T13:35:29: 2025-09-26T13:35:29: 
> nextjs_tailwind_shadcn_ts@0.1.0 start
> NODE_ENV=production tsx server.ts 2>&1 | tee server.log

2025-09-26T13:35:31: 2025-09-26T13:35:31: 2025-09-26T13:35:31: 2025-09-26T13:35:31: 
> nextjs_tailwind_shadcn_ts@0.1.0 start
> NODE_ENV=production tsx server.ts 2>&1 | tee server.log

2025-09-26T13:35:33: 2025-09-26T13:35:33: 2025-09-26T13:35:33: 2025-09-26T13:35:34: 
> nextjs_tailwind_shadcn_ts@0.1.0 start
> NODE_ENV=production tsx server.ts 2>&1 | tee server.log

2025-09-26T13:35:35: 2025-09-26T13:35:35: 2025-09-26T13:35:35: 2025-09-26T13:35:36: 
> nextjs_tailwind_shadcn_ts@0.1.0 start
> NODE_ENV=production tsx server.ts 2>&1 | tee server.log

2025-09-26T13:35:38: 2025-09-26T13:35:38: 2025-09-26T13:35:38: 2025-09-26T13:35:38: 
> nextjs_tailwind_shadcn_ts@0.1.0 start
> NODE_ENV=production tsx server.ts 2>&1 | tee server.log

2025-09-26T13:35:40: 2025-09-26T13:35:40: 2025-09-26T13:35:40: 2025-09-26T13:35:40: 
> nextjs_tailwind_shadcn_ts@0.1.0 start
> NODE_ENV=production tsx server.ts 2>&1 | tee server.log

2025-09-26T13:35:42: 2025-09-26T13:35:42: 2025-09-26T13:35:42: 2025-09-26T13:35:42: 
> nextjs_tailwind_shadcn_ts@0.1.0 start
> NODE_ENV=production tsx server.ts 2>&1 | tee server.log

2025-09-26T13:35:44: 2025-09-26T13:35:44: 2025-09-26T13:35:44: 2025-09-26T13:35:44: 
> nextjs_tailwind_shadcn_ts@0.1.0 start
> NODE_ENV=production tsx server.ts 2>&1 | tee server.log

2025-09-26T13:35:46: 2025-09-26T13:35:46: 2025-09-26T13:35:46: 2025-09-26T13:35:46: 
> nextjs_tailwind_shadcn_ts@0.1.0 start
> NODE_ENV=production tsx server.ts 2>&1 | tee server.log

2025-09-26T13:35:48: 2025-09-26T13:35:48: 2025-09-26T13:35:48: 2025-09-26T13:35:48: 
> nextjs_tailwind_shadcn_ts@0.1.0 start
> NODE_ENV=production tsx server.ts 2>&1 | tee server.log

2025-09-26T13:35:50: 2025-09-26T13:35:50: 2025-09-26T13:35:50: 2025-09-26T13:35:50: 
> nextjs_tailwind_shadcn_ts@0.1.0 start
> NODE_ENV=production tsx server.ts 2>&1 | tee server.log

2025-09-26T13:35:52: 2025-09-26T13:35:52: 2025-09-26T13:35:52: 2025-09-26T13:35:52: 
> nextjs_tailwind_shadcn_ts@0.1.0 start
> NODE_ENV=production tsx server.ts 2>&1 | tee server.log

2025-09-26T13:35:53: 2025-09-26T13:35:53: 2025-09-26T13:35:53: 2025-09-26T13:35:54: 
> nextjs_tailwind_shadcn_ts@0.1.0 start
> NODE_ENV=production tsx server.ts 2>&1 | tee server.log

2025-09-26T13:35:55: 2025-09-26T13:35:55: 2025-09-26T13:35:55: 2025-09-26T13:35:56: 
> nextjs_tailwind_shadcn_ts@0.1.0 start
> NODE_ENV=production tsx server.ts 2>&1 | tee server.log

2025-09-26T13:35:57: 2025-09-26T13:35:57: 2025-09-26T13:35:57: 2025-09-26T13:35:58: 
> nextjs_tailwind_shadcn_ts@0.1.0 start
> NODE_ENV=production tsx server.ts 2>&1 | tee server.log

2025-09-26T13:35:59: 2025-09-26T13:35:59: 2025-09-26T13:35:59: 2025-09-26T13:36:00: 
> nextjs_tailwind_shadcn_ts@0.1.0 start
> NODE_ENV=production tsx server.ts 2>&1 | tee server.log

2025-09-26T13:36:01: 2025-09-26T13:36:01: 2025-09-26T13:36:01: 2025-09-26T13:36:01: 
> nextjs_tailwind_shadcn_ts@0.1.0 start
> NODE_ENV=production tsx server.ts 2>&1 | tee server.log

2025-09-26T13:36:03: 2025-09-26T13:36:03: 2025-09-26T13:36:03: 2025-09-26T13:36:03: 
> nextjs_tailwind_shadcn_ts@0.1.0 start
> NODE_ENV=production tsx server.ts 2>&1 | tee server.log

2025-09-26T13:36:05: 2025-09-26T13:36:05: 2025-09-26T13:36:05: 2025-09-26T13:36:05: 
> nextjs_tailwind_shadcn_ts@0.1.0 start
> NODE_ENV=production tsx server.ts 2>&1 | tee server.log

2025-09-26T13:36:07: 2025-09-26T13:36:07: 2025-09-26T13:36:07: 2025-09-26T13:36:07: 
> nextjs_tailwind_shadcn_ts@0.1.0 start
> NODE_ENV=production tsx server.ts 2>&1 | tee server.log

2025-09-26T13:36:09: 2025-09-26T13:36:09: 2025-09-26T13:36:09: 2025-09-26T13:36:09: 
> nextjs_tailwind_shadcn_ts@0.1.0 start
> NODE_ENV=production tsx server.ts 2>&1 | tee server.log

2025-09-26T13:36:11: 2025-09-26T13:36:11: 2025-09-26T13:36:11: 2025-09-26T13:36:11: 
> nextjs_tailwind_shadcn_ts@0.1.0 start
> NODE_ENV=production tsx server.ts 2>&1 | tee server.log

2025-09-26T13:36:12: 2025-09-26T13:36:12: 2025-09-26T13:36:12: 2025-09-26T13:36:13: 
> nextjs_tailwind_shadcn_ts@0.1.0 start
> NODE_ENV=production tsx server.ts 2>&1 | tee server.log

2025-09-26T13:36:14: 2025-09-26T13:36:14: 2025-09-26T13:36:14: 2025-09-26T13:36:15: 
> nextjs_tailwind_shadcn_ts@0.1.0 start
> NODE_ENV=production tsx server.ts 2>&1 | tee server.log

2025-09-26T13:36:16: 2025-09-26T13:36:16: 2025-09-26T13:36:16: 2025-09-26T13:36:17: 
> nextjs_tailwind_shadcn_ts@0.1.0 start
> NODE_ENV=production tsx server.ts 2>&1 | tee server.log

2025-09-26T13:36:18: 2025-09-26T13:36:18: 2025-09-26T13:36:18: 2025-09-26T13:36:19: 
> nextjs_tailwind_shadcn_ts@0.1.0 start
> NODE_ENV=production tsx server.ts 2>&1 | tee server.log

2025-09-26T13:36:20: 2025-09-26T13:36:20: 2025-09-26T13:36:20: 2025-09-26T13:36:21: 
> nextjs_tailwind_shadcn_ts@0.1.0 start
> NODE_ENV=production tsx server.ts 2>&1 | tee server.log

2025-09-26T13:36:23: 2025-09-26T13:36:23: 2025-09-26T13:36:23: 2025-09-26T13:36:23: 
> nextjs_tailwind_shadcn_ts@0.1.0 start
> NODE_ENV=production tsx server.ts 2>&1 | tee server.log

2025-09-26T13:36:25: 2025-09-26T13:36:25: 2025-09-26T13:36:25: 2025-09-26T13:36:25: 
> nextjs_tailwind_shadcn_ts@0.1.0 start
> NODE_ENV=production tsx server.ts 2>&1 | tee server.log

2025-09-26T13:36:27: 2025-09-26T13:36:27: 2025-09-26T13:36:27: 2025-09-26T13:36:27: 
> nextjs_tailwind_shadcn_ts@0.1.0 start
> NODE_ENV=production tsx server.ts 2>&1 | tee server.log

2025-09-26T13:36:29: 2025-09-26T13:36:29: 2025-09-26T13:36:29: 2025-09-26T13:36:29: 
> nextjs_tailwind_shadcn_ts@0.1.0 start
> NODE_ENV=production tsx server.ts 2>&1 | tee server.log

2025-09-26T13:36:31: 2025-09-26T13:36:31: 2025-09-26T13:36:31: 2025-09-26T13:36:32: 
> nextjs_tailwind_shadcn_ts@0.1.0 start
> NODE_ENV=production tsx server.ts 2>&1 | tee server.log

2025-09-26T13:36:34: 2025-09-26T13:36:34: 2025-09-26T13:36:34: 2025-09-26T13:36:34: 
> nextjs_tailwind_shadcn_ts@0.1.0 start
> NODE_ENV=production tsx server.ts 2>&1 | tee server.log

2025-09-26T13:36:36: 2025-09-26T13:36:36: 2025-09-26T13:36:36: 2025-09-26T13:36:36: 
> nextjs_tailwind_shadcn_ts@0.1.0 start
> NODE_ENV=production tsx server.ts 2>&1 | tee server.log

2025-09-26T13:36:38: 2025-09-26T13:36:38: 2025-09-26T13:36:38: 2025-09-26T13:36:38: 
> nextjs_tailwind_shadcn_ts@0.1.0 start
> NODE_ENV=production tsx server.ts 2>&1 | tee server.log

2025-09-26T13:36:40: 2025-09-26T13:36:40: 2025-09-26T13:36:40: 2025-09-26T13:36:40: 
> nextjs_tailwind_shadcn_ts@0.1.0 start
> NODE_ENV=production tsx server.ts 2>&1 | tee server.log

2025-09-26T13:36:42: 2025-09-26T13:36:42: 2025-09-26T13:36:42: 2025-09-26T13:36:42: 
> nextjs_tailwind_shadcn_ts@0.1.0 start
> NODE_ENV=production tsx server.ts 2>&1 | tee server.log

2025-09-26T13:36:44: 2025-09-26T13:36:44: 2025-09-26T13:36:44: 2025-09-26T13:36:44: 
> nextjs_tailwind_shadcn_ts@0.1.0 start
> NODE_ENV=production tsx server.ts 2>&1 | tee server.log

2025-09-26T13:36:46: 2025-09-26T13:36:46: 2025-09-26T13:36:46: 2025-09-26T13:36:47: 
> nextjs_tailwind_shadcn_ts@0.1.0 start
> NODE_ENV=production tsx server.ts 2>&1 | tee server.log

2025-09-26T13:36:49: 2025-09-26T13:36:49: 2025-09-26T13:36:49: 2025-09-26T13:36:49: 
> nextjs_tailwind_shadcn_ts@0.1.0 start
> NODE_ENV=production tsx server.ts 2>&1 | tee server.log

2025-09-26T13:36:51: 2025-09-26T13:36:51: 2025-09-26T13:36:51: 2025-09-26T13:36:51: 
> nextjs_tailwind_shadcn_ts@0.1.0 start
> NODE_ENV=production tsx server.ts 2>&1 | tee server.log

2025-09-26T13:36:53: 2025-09-26T13:36:53: 2025-09-26T13:36:53: 2025-09-26T13:36:53: 
> nextjs_tailwind_shadcn_ts@0.1.0 start
> NODE_ENV=production tsx server.ts 2>&1 | tee server.log

2025-09-26T13:36:55: 2025-09-26T13:36:55: 2025-09-26T13:36:55: 2025-09-26T13:36:56: 
> nextjs_tailwind_shadcn_ts@0.1.0 start
> NODE_ENV=production tsx server.ts 2>&1 | tee server.log

2025-09-26T13:36:57: 2025-09-26T13:36:57: 2025-09-26T13:36:57: 2025-09-26T13:36:58: 
> nextjs_tailwind_shadcn_ts@0.1.0 start
> NODE_ENV=production tsx server.ts 2>&1 | tee server.log

2025-09-26T13:37:00: 2025-09-26T13:37:00: 2025-09-26T13:37:00: 2025-09-26T13:37:00: 
> nextjs_tailwind_shadcn_ts@0.1.0 start
> NODE_ENV=production tsx server.ts 2>&1 | tee server.log

2025-09-26T13:37:02: 2025-09-26T13:37:02: 2025-09-26T13:37:02: 2025-09-26T13:37:02: 
> nextjs_tailwind_shadcn_ts@0.1.0 start
> NODE_ENV=production tsx server.ts 2>&1 | tee server.log

2025-09-26T13:37:04: 2025-09-26T13:37:04: 2025-09-26T13:37:04: 2025-09-26T13:37:04: 
> nextjs_tailwind_shadcn_ts@0.1.0 start
> NODE_ENV=production tsx server.ts 2>&1 | tee server.log

2025-09-26T13:37:06: 2025-09-26T13:37:06: 2025-09-26T13:37:06: 2025-09-26T13:37:06: 
> nextjs_tailwind_shadcn_ts@0.1.0 start
> NODE_ENV=production tsx server.ts 2>&1 | tee server.log

2025-09-26T13:37:08: 2025-09-26T13:37:08: 2025-09-26T13:37:08: 2025-09-26T13:37:09: 
> nextjs_tailwind_shadcn_ts@0.1.0 start
> NODE_ENV=production tsx server.ts 2>&1 | tee server.log

2025-09-26T13:37:10: 2025-09-26T13:37:10: 2025-09-26T13:37:10: 2025-09-26T13:37:11: 
> nextjs_tailwind_shadcn_ts@0.1.0 start
> NODE_ENV=production tsx server.ts 2>&1 | tee server.log

2025-09-26T13:37:13: 2025-09-26T13:37:13: 2025-09-26T13:37:13: 2025-09-26T13:37:13: 
> nextjs_tailwind_shadcn_ts@0.1.0 start
> NODE_ENV=production tsx server.ts 2>&1 | tee server.log

2025-09-26T13:37:15: 2025-09-26T13:37:15: 2025-09-26T13:37:15: 2025-09-26T13:37:15: 
> nextjs_tailwind_shadcn_ts@0.1.0 start
> NODE_ENV=production tsx server.ts 2>&1 | tee server.log

2025-09-26T13:37:17: 2025-09-26T13:37:17: 2025-09-26T13:37:17: 2025-09-26T13:37:17: 
> nextjs_tailwind_shadcn_ts@0.1.0 start
> NODE_ENV=production tsx server.ts 2>&1 | tee server.log

2025-09-26T13:37:19: 2025-09-26T13:37:19: 2025-09-26T13:37:19: 2025-09-26T13:37:19: 
> nextjs_tailwind_shadcn_ts@0.1.0 start
> NODE_ENV=production tsx server.ts 2>&1 | tee server.log

2025-09-26T13:37:21: 2025-09-26T13:37:21: 2025-09-26T13:37:21: 2025-09-26T13:37:22: 
> nextjs_tailwind_shadcn_ts@0.1.0 start
> NODE_ENV=production tsx server.ts 2>&1 | tee server.log

2025-09-26T13:37:24: 2025-09-26T13:37:24: 2025-09-26T13:37:24: 2025-09-26T13:37:24: 
> nextjs_tailwind_shadcn_ts@0.1.0 start
> NODE_ENV=production tsx server.ts 2>&1 | tee server.log

2025-09-26T13:37:26: 2025-09-26T13:37:26: 2025-09-26T13:37:26: 2025-09-26T13:37:26: 
> nextjs_tailwind_shadcn_ts@0.1.0 start
> NODE_ENV=production tsx server.ts 2>&1 | tee server.log

2025-09-26T13:37:28: 2025-09-26T13:37:28: 2025-09-26T13:37:28: 2025-09-26T13:37:28: 
> nextjs_tailwind_shadcn_ts@0.1.0 start
> NODE_ENV=production tsx server.ts 2>&1 | tee server.log

2025-09-26T13:37:30: 2025-09-26T13:37:30: 2025-09-26T13:37:30: 2025-09-26T13:37:30: 
> nextjs_tailwind_shadcn_ts@0.1.0 start
> NODE_ENV=production tsx server.ts 2>&1 | tee server.log

2025-09-26T13:37:32: 2025-09-26T13:37:32: 2025-09-26T13:37:32: 2025-09-26T13:37:32: 
> nextjs_tailwind_shadcn_ts@0.1.0 start
> NODE_ENV=production tsx server.ts 2>&1 | tee server.log

2025-09-26T13:37:34: 2025-09-26T13:37:34: 2025-09-26T13:37:34: 2025-09-26T13:37:34: 
> nextjs_tailwind_shadcn_ts@0.1.0 start
> NODE_ENV=production tsx server.ts 2>&1 | tee server.log

2025-09-26T13:37:36: 2025-09-26T13:37:36: 2025-09-26T13:37:36: 2025-09-26T13:37:37: 
> nextjs_tailwind_shadcn_ts@0.1.0 start
> NODE_ENV=production tsx server.ts 2>&1 | tee server.log

2025-09-26T13:37:38: 2025-09-26T13:37:38: 2025-09-26T13:37:38: 2025-09-26T13:37:39: 
> nextjs_tailwind_shadcn_ts@0.1.0 start
> NODE_ENV=production tsx server.ts 2>&1 | tee server.log

2025-09-26T13:37:40: 2025-09-26T13:37:40: 2025-09-26T13:37:40: 2025-09-26T13:37:41: 
> nextjs_tailwind_shadcn_ts@0.1.0 start
> NODE_ENV=production tsx server.ts 2>&1 | tee server.log

2025-09-26T13:37:42: 2025-09-26T13:37:42: 2025-09-26T13:37:42: 2025-09-26T13:37:43: 
> nextjs_tailwind_shadcn_ts@0.1.0 start
> NODE_ENV=production tsx server.ts 2>&1 | tee server.log

2025-09-26T13:37:44: 2025-09-26T13:37:44: 2025-09-26T13:37:44: 2025-09-26T13:37:44: 
> nextjs_tailwind_shadcn_ts@0.1.0 start
> NODE_ENV=production tsx server.ts 2>&1 | tee server.log

2025-09-26T13:37:46: 2025-09-26T13:37:46: 2025-09-26T13:37:46: 2025-09-26T13:37:46: 
> nextjs_tailwind_shadcn_ts@0.1.0 start
> NODE_ENV=production tsx server.ts 2>&1 | tee server.log

2025-09-26T13:37:48: 2025-09-26T13:37:48: 2025-09-26T13:37:48: 2025-09-26T13:37:48: 
> nextjs_tailwind_shadcn_ts@0.1.0 start
> NODE_ENV=production tsx server.ts 2>&1 | tee server.log

2025-09-26T13:37:50: 2025-09-26T13:37:50: 2025-09-26T13:37:50: 2025-09-26T13:37:50: 
> nextjs_tailwind_shadcn_ts@0.1.0 start
> NODE_ENV=production tsx server.ts 2>&1 | tee server.log

2025-09-26T13:37:52: 2025-09-26T13:37:52: 2025-09-26T13:37:52: 2025-09-26T13:37:52: 
> nextjs_tailwind_shadcn_ts@0.1.0 start
> NODE_ENV=production tsx server.ts 2>&1 | tee server.log

2025-09-26T13:37:53: 2025-09-26T13:37:53: 2025-09-26T13:37:53: 2025-09-26T13:37:54: 
> nextjs_tailwind_shadcn_ts@0.1.0 start
> NODE_ENV=production tsx server.ts 2>&1 | tee server.log

2025-09-26T13:37:55: 2025-09-26T13:37:55: 2025-09-26T13:37:55: 2025-09-26T13:37:55: 
> nextjs_tailwind_shadcn_ts@0.1.0 start
> NODE_ENV=production tsx server.ts 2>&1 | tee server.log

2025-09-26T13:37:57: 2025-09-26T13:37:57: 2025-09-26T13:37:57: 2025-09-26T13:37:57: 
> nextjs_tailwind_shadcn_ts@0.1.0 start
> NODE_ENV=production tsx server.ts 2>&1 | tee server.log

2025-09-26T13:37:59: 2025-09-26T13:37:59: 2025-09-26T13:37:59: 2025-09-26T13:37:59: 
> nextjs_tailwind_shadcn_ts@0.1.0 start
> NODE_ENV=production tsx server.ts 2>&1 | tee server.log

2025-09-26T13:38:01: 2025-09-26T13:38:01: 2025-09-26T13:38:01: 2025-09-26T13:38:01: 
> nextjs_tailwind_shadcn_ts@0.1.0 start
> NODE_ENV=production tsx server.ts 2>&1 | tee server.log

2025-09-26T13:38:03: 2025-09-26T13:38:03: 2025-09-26T13:38:03: 2025-09-26T13:38:03: 
> nextjs_tailwind_shadcn_ts@0.1.0 start
> NODE_ENV=production tsx server.ts 2>&1 | tee server.log

2025-09-26T13:38:05: 2025-09-26T13:38:05: 2025-09-26T13:38:05: 2025-09-26T13:38:05: 
> nextjs_tailwind_shadcn_ts@0.1.0 start
> NODE_ENV=production tsx server.ts 2>&1 | tee server.log

2025-09-26T13:38:07: 2025-09-26T13:38:07: 2025-09-26T13:38:07: 2025-09-26T13:38:07: 
> nextjs_tailwind_shadcn_ts@0.1.0 start
> NODE_ENV=production tsx server.ts 2>&1 | tee server.log

2025-09-26T13:38:08: 2025-09-26T13:38:08: 2025-09-26T13:38:08: 2025-09-26T13:38:09: 
> nextjs_tailwind_shadcn_ts@0.1.0 start
> NODE_ENV=production tsx server.ts 2>&1 | tee server.log

2025-09-26T13:38:10: 2025-09-26T13:38:10: 2025-09-26T13:38:10: 2025-09-26T13:38:11: 
> nextjs_tailwind_shadcn_ts@0.1.0 start
> NODE_ENV=production tsx server.ts 2>&1 | tee server.log

2025-09-26T13:38:12: 2025-09-26T13:38:12: 2025-09-26T13:38:12: 2025-09-26T13:38:12: 
> nextjs_tailwind_shadcn_ts@0.1.0 start
> NODE_ENV=production tsx server.ts 2>&1 | tee server.log

2025-09-26T13:38:14: 2025-09-26T13:38:14: 2025-09-26T13:38:14: 2025-09-26T13:38:14: 
> nextjs_tailwind_shadcn_ts@0.1.0 start
> NODE_ENV=production tsx server.ts 2>&1 | tee server.log

2025-09-26T13:38:16: 2025-09-26T13:38:16: 2025-09-26T13:38:16: 2025-09-26T13:38:16: 
> nextjs_tailwind_shadcn_ts@0.1.0 start
> NODE_ENV=production tsx server.ts 2>&1 | tee server.log

2025-09-26T13:38:18: 2025-09-26T13:38:18: 2025-09-26T13:38:18: 2025-09-26T13:38:18: 
> nextjs_tailwind_shadcn_ts@0.1.0 start
> NODE_ENV=production tsx server.ts 2>&1 | tee server.log

2025-09-26T13:38:20: 2025-09-26T13:38:20: 2025-09-26T13:38:20: 2025-09-26T13:38:20: 
> nextjs_tailwind_shadcn_ts@0.1.0 start
> NODE_ENV=production tsx server.ts 2>&1 | tee server.log

2025-09-26T13:38:22: 2025-09-26T13:38:22: 2025-09-26T13:38:22: 2025-09-26T13:38:22: 
> nextjs_tailwind_shadcn_ts@0.1.0 start
> NODE_ENV=production tsx server.ts 2>&1 | tee server.log

2025-09-26T13:38:23: 2025-09-26T13:38:23: 2025-09-26T13:38:23: 2025-09-26T13:38:24: 
> nextjs_tailwind_shadcn_ts@0.1.0 start
> NODE_ENV=production tsx server.ts 2>&1 | tee server.log

2025-09-26T13:38:25: 2025-09-26T13:38:25: 2025-09-26T13:38:25: 2025-09-26T13:38:26: 
> nextjs_tailwind_shadcn_ts@0.1.0 start
> NODE_ENV=production tsx server.ts 2>&1 | tee server.log

2025-09-26T13:38:27: 2025-09-26T13:38:27: 2025-09-26T13:38:27: 2025-09-26T13:38:27: 
> nextjs_tailwind_shadcn_ts@0.1.0 start
> NODE_ENV=production tsx server.ts 2>&1 | tee server.log

2025-09-26T13:38:29: 2025-09-26T13:38:29: 2025-09-26T13:38:29: 
> nextjs_tailwind_shadcn_ts@0.1.0 start
> NODE_ENV=production tsx server.ts 2>&1 | tee server.log

2025-09-26T13:38:31: 2025-09-26T13:38:31: 2025-09-26T13:38:31: 2025-09-26T13:38:31: 
> nextjs_tailwind_shadcn_ts@0.1.0 start
> NODE_ENV=production tsx server.ts 2>&1 | tee server.log

2025-09-26T13:38:33: 2025-09-26T13:38:33: 2025-09-26T13:38:33: 2025-09-26T13:38:33: 
> nextjs_tailwind_shadcn_ts@0.1.0 start
> NODE_ENV=production tsx server.ts 2>&1 | tee server.log

2025-09-26T13:38:35: 2025-09-26T13:38:35: 2025-09-26T13:38:35: 2025-09-26T13:38:35: 
> nextjs_tailwind_shadcn_ts@0.1.0 start
> NODE_ENV=production tsx server.ts 2>&1 | tee server.log

2025-09-26T13:38:37: 2025-09-26T13:38:37: 2025-09-26T13:38:37: 2025-09-26T13:38:37: 
> nextjs_tailwind_shadcn_ts@0.1.0 start
> NODE_ENV=production tsx server.ts 2>&1 | tee server.log

2025-09-26T13:38:39: 2025-09-26T13:38:39: 2025-09-26T13:38:39: 2025-09-26T13:38:39: 
> nextjs_tailwind_shadcn_ts@0.1.0 start
> NODE_ENV=production tsx server.ts 2>&1 | tee server.log

2025-09-26T13:38:40: 2025-09-26T13:38:40: 2025-09-26T13:38:40: 2025-09-26T13:38:41: 
> nextjs_tailwind_shadcn_ts@0.1.0 start
> NODE_ENV=production tsx server.ts 2>&1 | tee server.log

2025-09-26T13:38:42: 2025-09-26T13:38:42: 2025-09-26T13:38:42: 2025-09-26T13:38:43: 
> nextjs_tailwind_shadcn_ts@0.1.0 start
> NODE_ENV=production tsx server.ts 2>&1 | tee server.log

2025-09-26T13:38:44: 2025-09-26T13:38:44: 2025-09-26T13:38:44: 2025-09-26T13:38:44: 
> nextjs_tailwind_shadcn_ts@0.1.0 start
> NODE_ENV=production tsx server.ts 2>&1 | tee server.log

2025-09-26T13:38:46: 2025-09-26T13:38:46: 2025-09-26T13:38:46: 2025-09-26T13:38:46: 
> nextjs_tailwind_shadcn_ts@0.1.0 start
> NODE_ENV=production tsx server.ts 2>&1 | tee server.log

2025-09-26T13:38:48: 2025-09-26T13:38:48: 2025-09-26T13:38:48: 2025-09-26T13:38:48: 
> nextjs_tailwind_shadcn_ts@0.1.0 start
> NODE_ENV=production tsx server.ts 2>&1 | tee server.log

2025-09-26T13:38:50: 2025-09-26T13:38:50: 2025-09-26T13:38:50: 2025-09-26T13:38:50: 
> nextjs_tailwind_shadcn_ts@0.1.0 start
> NODE_ENV=production tsx server.ts 2>&1 | tee server.log

2025-09-26T13:38:51: 2025-09-26T13:38:51: 2025-09-26T13:38:51: 2025-09-26T13:38:52: 
> nextjs_tailwind_shadcn_ts@0.1.0 start
> NODE_ENV=production tsx server.ts 2>&1 | tee server.log

2025-09-26T13:38:53: 2025-09-26T13:38:53: 2025-09-26T13:38:53: 2025-09-26T13:38:54: 
> nextjs_tailwind_shadcn_ts@0.1.0 start
> NODE_ENV=production tsx server.ts 2>&1 | tee server.log

2025-09-26T13:38:55: 2025-09-26T13:38:55: 2025-09-26T13:38:55: 2025-09-26T13:38:56: 
> nextjs_tailwind_shadcn_ts@0.1.0 start
> NODE_ENV=production tsx server.ts 2>&1 | tee server.log

2025-09-26T13:38:57: 2025-09-26T13:38:57: 2025-09-26T13:38:57: 2025-09-26T13:38:57: 
> nextjs_tailwind_shadcn_ts@0.1.0 start
> NODE_ENV=production tsx server.ts 2>&1 | tee server.log

2025-09-26T13:38:59: 2025-09-26T13:38:59: 2025-09-26T13:38:59: 2025-09-26T13:38:59: 
> nextjs_tailwind_shadcn_ts@0.1.0 start
> NODE_ENV=production tsx server.ts 2>&1 | tee server.log

2025-09-26T13:39:01: 2025-09-26T13:39:01: 2025-09-26T13:39:01: 2025-09-26T13:39:01: 
> nextjs_tailwind_shadcn_ts@0.1.0 start
> NODE_ENV=production tsx server.ts 2>&1 | tee server.log

2025-09-26T13:39:03: 2025-09-26T13:39:03: 2025-09-26T13:39:03: 
> nextjs_tailwind_shadcn_ts@0.1.0 start
> NODE_ENV=production tsx server.ts 2>&1 | tee server.log

2025-09-26T13:39:05: 2025-09-26T13:39:05: 2025-09-26T13:39:05: 2025-09-26T13:39:05: 
> nextjs_tailwind_shadcn_ts@0.1.0 start
> NODE_ENV=production tsx server.ts 2>&1 | tee server.log

2025-09-26T13:39:07: 2025-09-26T13:39:07: 2025-09-26T13:39:07: 2025-09-26T13:39:07: 
> nextjs_tailwind_shadcn_ts@0.1.0 start
> NODE_ENV=production tsx server.ts 2>&1 | tee server.log

2025-09-26T13:39:09: 2025-09-26T13:39:09: 2025-09-26T13:39:09: 2025-09-26T13:39:09: 
> nextjs_tailwind_shadcn_ts@0.1.0 start
> NODE_ENV=production tsx server.ts 2>&1 | tee server.log

2025-09-26T13:39:10: 2025-09-26T13:39:10: 2025-09-26T13:39:10: 2025-09-26T13:39:11: 
> nextjs_tailwind_shadcn_ts@0.1.0 start
> NODE_ENV=production tsx server.ts 2>&1 | tee server.log

2025-09-26T13:39:12: 2025-09-26T13:39:12: 2025-09-26T13:39:12: 2025-09-26T13:39:12: 
> nextjs_tailwind_shadcn_ts@0.1.0 start
> NODE_ENV=production tsx server.ts 2>&1 | tee server.log

2025-09-26T13:39:14: 2025-09-26T13:39:14: 2025-09-26T13:39:14: 2025-09-26T13:39:14: 
> nextjs_tailwind_shadcn_ts@0.1.0 start
> NODE_ENV=production tsx server.ts 2>&1 | tee server.log

2025-09-26T13:39:16: 2025-09-26T13:39:16: 2025-09-26T13:39:16: 2025-09-26T13:39:16: 
> nextjs_tailwind_shadcn_ts@0.1.0 start
> NODE_ENV=production tsx server.ts 2>&1 | tee server.log

2025-09-26T13:39:18: 2025-09-26T13:39:18: 2025-09-26T13:39:18: 2025-09-26T13:39:18: 
> nextjs_tailwind_shadcn_ts@0.1.0 start
> NODE_ENV=production tsx server.ts 2>&1 | tee server.log

2025-09-26T13:39:20: 2025-09-26T13:39:20: 2025-09-26T13:39:20: 2025-09-26T13:39:20: 
> nextjs_tailwind_shadcn_ts@0.1.0 start
> NODE_ENV=production tsx server.ts 2>&1 | tee server.log

2025-09-26T13:39:21: 2025-09-26T13:39:21: 2025-09-26T13:39:21: 2025-09-26T13:39:22: 
> nextjs_tailwind_shadcn_ts@0.1.0 start
> NODE_ENV=production tsx server.ts 2>&1 | tee server.log

2025-09-26T13:39:23: 2025-09-26T13:39:23: 2025-09-26T13:39:23: 2025-09-26T13:39:24: 
> nextjs_tailwind_shadcn_ts@0.1.0 start
> NODE_ENV=production tsx server.ts 2>&1 | tee server.log

2025-09-26T13:39:25: 2025-09-26T13:39:25: 2025-09-26T13:39:25: 2025-09-26T13:39:26: 
> nextjs_tailwind_shadcn_ts@0.1.0 start
> NODE_ENV=production tsx server.ts 2>&1 | tee server.log

2025-09-26T13:39:27: 2025-09-26T13:39:27: 2025-09-26T13:39:27: 2025-09-26T13:39:27: 
> nextjs_tailwind_shadcn_ts@0.1.0 start
> NODE_ENV=production tsx server.ts 2>&1 | tee server.log

2025-09-26T13:39:29: 2025-09-26T13:39:29: 2025-09-26T13:39:29: 2025-09-26T13:39:29: 
> nextjs_tailwind_shadcn_ts@0.1.0 start
> NODE_ENV=production tsx server.ts 2>&1 | tee server.log

2025-09-26T13:39:31: 2025-09-26T13:39:31: 2025-09-26T13:39:31: 2025-09-26T13:39:31: 
> nextjs_tailwind_shadcn_ts@0.1.0 start
> NODE_ENV=production tsx server.ts 2>&1 | tee server.log

2025-09-26T13:39:33: 2025-09-26T13:39:33: 2025-09-26T13:39:33: 2025-09-26T13:39:33: 
> nextjs_tailwind_shadcn_ts@0.1.0 start
> NODE_ENV=production tsx server.ts 2>&1 | tee server.log

2025-09-26T13:39:35: 2025-09-26T13:39:35: 2025-09-26T13:39:35: 2025-09-26T13:39:35: 
> nextjs_tailwind_shadcn_ts@0.1.0 start
> NODE_ENV=production tsx server.ts 2>&1 | tee server.log

2025-09-26T13:39:36: 2025-09-26T13:39:36: 2025-09-26T13:39:36: 2025-09-26T13:39:37: 
> nextjs_tailwind_shadcn_ts@0.1.0 start
> NODE_ENV=production tsx server.ts 2>&1 | tee server.log

2025-09-26T13:39:38: 2025-09-26T13:39:38: 2025-09-26T13:39:38: 2025-09-26T13:39:39: 
> nextjs_tailwind_shadcn_ts@0.1.0 start
> NODE_ENV=production tsx server.ts 2>&1 | tee server.log

2025-09-26T13:39:40: 2025-09-26T13:39:40: 2025-09-26T13:39:40: 2025-09-26T13:39:41: 
> nextjs_tailwind_shadcn_ts@0.1.0 start
> NODE_ENV=production tsx server.ts 2>&1 | tee server.log

2025-09-26T13:39:42: 2025-09-26T13:39:42: 2025-09-26T13:39:42: 2025-09-26T13:39:42: 
> nextjs_tailwind_shadcn_ts@0.1.0 start
> NODE_ENV=production tsx server.ts 2>&1 | tee server.log

2025-09-26T13:39:44: 2025-09-26T13:39:44: 2025-09-26T13:39:44: 2025-09-26T13:39:44: 
> nextjs_tailwind_shadcn_ts@0.1.0 start
> NODE_ENV=production tsx server.ts 2>&1 | tee server.log

2025-09-26T13:39:46: 2025-09-26T13:39:46: 2025-09-26T13:39:46: 
> nextjs_tailwind_shadcn_ts@0.1.0 start
> NODE_ENV=production tsx server.ts 2>&1 | tee server.log

2025-09-26T13:39:48: 2025-09-26T13:39:48: 2025-09-26T13:39:48: 2025-09-26T13:39:48: 
> nextjs_tailwind_shadcn_ts@0.1.0 start
> NODE_ENV=production tsx server.ts 2>&1 | tee server.log

2025-09-26T13:39:50: 2025-09-26T13:39:50: 2025-09-26T13:39:50: 2025-09-26T13:39:50: 
> nextjs_tailwind_shadcn_ts@0.1.0 start
> NODE_ENV=production tsx server.ts 2>&1 | tee server.log

2025-09-26T13:39:51: 2025-09-26T13:39:51: 2025-09-26T13:39:51: 2025-09-26T13:39:52: 
> nextjs_tailwind_shadcn_ts@0.1.0 start
> NODE_ENV=production tsx server.ts 2>&1 | tee server.log

2025-09-26T13:39:53: 2025-09-26T13:39:53: 2025-09-26T13:39:53: 2025-09-26T13:39:54: 
> nextjs_tailwind_shadcn_ts@0.1.0 start
> NODE_ENV=production tsx server.ts 2>&1 | tee server.log

2025-09-26T13:39:55: 2025-09-26T13:39:55: 2025-09-26T13:39:55: 2025-09-26T13:39:55: 
> nextjs_tailwind_shadcn_ts@0.1.0 start
> NODE_ENV=production tsx server.ts 2>&1 | tee server.log

2025-09-26T13:39:57: 2025-09-26T13:39:57: 2025-09-26T13:39:57: 2025-09-26T13:39:57: 
> nextjs_tailwind_shadcn_ts@0.1.0 start
> NODE_ENV=production tsx server.ts 2>&1 | tee server.log

2025-09-26T13:39:59: 2025-09-26T13:39:59: 2025-09-26T13:39:59: 2025-09-26T13:39:59: 
> nextjs_tailwind_shadcn_ts@0.1.0 start
> NODE_ENV=production tsx server.ts 2>&1 | tee server.log

2025-09-26T13:40:01: 2025-09-26T13:40:01: 2025-09-26T13:40:01: 2025-09-26T13:40:01: 
> nextjs_tailwind_shadcn_ts@0.1.0 start
> NODE_ENV=production tsx server.ts 2>&1 | tee server.log

2025-09-26T13:40:03: 2025-09-26T13:40:03: 2025-09-26T13:40:03: 2025-09-26T13:40:03: 
> nextjs_tailwind_shadcn_ts@0.1.0 start
> NODE_ENV=production tsx server.ts 2>&1 | tee server.log

2025-09-26T13:40:04: 2025-09-26T13:40:04: 2025-09-26T13:40:04: 2025-09-26T13:40:05: 
> nextjs_tailwind_shadcn_ts@0.1.0 start
> NODE_ENV=production tsx server.ts 2>&1 | tee server.log

2025-09-26T13:40:06: 2025-09-26T13:40:06: 2025-09-26T13:40:06: 2025-09-26T13:40:07: 
> nextjs_tailwind_shadcn_ts@0.1.0 start
> NODE_ENV=production tsx server.ts 2>&1 | tee server.log

2025-09-26T13:40:08: 2025-09-26T13:40:08: 2025-09-26T13:40:08: 2025-09-26T13:40:09: 
> nextjs_tailwind_shadcn_ts@0.1.0 start
> NODE_ENV=production tsx server.ts 2>&1 | tee server.log

2025-09-26T13:40:10: 2025-09-26T13:40:10: 2025-09-26T13:40:10: 2025-09-26T13:40:10: 
> nextjs_tailwind_shadcn_ts@0.1.0 start
> NODE_ENV=production tsx server.ts 2>&1 | tee server.log

2025-09-26T13:40:12: 2025-09-26T13:40:12: 2025-09-26T13:40:12: 2025-09-26T13:40:12: 
> nextjs_tailwind_shadcn_ts@0.1.0 start
> NODE_ENV=production tsx server.ts 2>&1 | tee server.log

2025-09-26T13:40:14: 2025-09-26T13:40:14: 2025-09-26T13:40:14: 2025-09-26T13:40:14: 
> nextjs_tailwind_shadcn_ts@0.1.0 start
> NODE_ENV=production tsx server.ts 2>&1 | tee server.log

2025-09-26T13:40:16: 2025-09-26T13:40:16: 2025-09-26T13:40:16: 2025-09-26T13:40:16: 
> nextjs_tailwind_shadcn_ts@0.1.0 start
> NODE_ENV=production tsx server.ts 2>&1 | tee server.log

2025-09-26T13:40:18: 2025-09-26T13:40:18: 2025-09-26T13:40:18: 2025-09-26T13:40:18: 
> nextjs_tailwind_shadcn_ts@0.1.0 start
> NODE_ENV=production tsx server.ts 2>&1 | tee server.log

2025-09-26T13:40:20: 2025-09-26T13:40:20: 2025-09-26T13:40:20: 2025-09-26T13:40:20: 
> nextjs_tailwind_shadcn_ts@0.1.0 start
> NODE_ENV=production tsx server.ts 2>&1 | tee server.log

2025-09-26T13:40:22: 2025-09-26T13:40:22: 2025-09-26T13:40:22: 2025-09-26T13:40:22: 
> nextjs_tailwind_shadcn_ts@0.1.0 start
> NODE_ENV=production tsx server.ts 2>&1 | tee server.log

2025-09-26T13:40:24: 2025-09-26T13:40:24: 2025-09-26T13:40:24: 2025-09-26T13:40:24: 
> nextjs_tailwind_shadcn_ts@0.1.0 start
> NODE_ENV=production tsx server.ts 2>&1 | tee server.log

2025-09-26T13:40:25: 2025-09-26T13:40:25: 2025-09-26T13:40:25: 2025-09-26T13:40:26: 
> nextjs_tailwind_shadcn_ts@0.1.0 start
> NODE_ENV=production tsx server.ts 2>&1 | tee server.log

2025-09-26T13:40:27: 2025-09-26T13:40:27: 2025-09-26T13:40:27: 2025-09-26T13:40:27: 
> nextjs_tailwind_shadcn_ts@0.1.0 start
> NODE_ENV=production tsx server.ts 2>&1 | tee server.log

2025-09-26T13:40:29: 2025-09-26T13:40:29: 2025-09-26T13:40:29: 2025-09-26T13:40:29: 
> nextjs_tailwind_shadcn_ts@0.1.0 start
> NODE_ENV=production tsx server.ts 2>&1 | tee server.log

2025-09-26T13:40:31: 2025-09-26T13:40:31: 2025-09-26T13:40:31: 2025-09-26T13:40:31: 
> nextjs_tailwind_shadcn_ts@0.1.0 start
> NODE_ENV=production tsx server.ts 2>&1 | tee server.log

2025-09-26T13:40:33: 2025-09-26T13:40:33: 2025-09-26T13:40:33: 2025-09-26T13:40:33: 
> nextjs_tailwind_shadcn_ts@0.1.0 start
> NODE_ENV=production tsx server.ts 2>&1 | tee server.log

2025-09-26T13:40:35: 2025-09-26T13:40:35: 2025-09-26T13:40:35: 2025-09-26T13:40:35: 
> nextjs_tailwind_shadcn_ts@0.1.0 start
> NODE_ENV=production tsx server.ts 2>&1 | tee server.log

2025-09-26T13:40:37: 2025-09-26T13:40:37: 2025-09-26T13:40:37: 2025-09-26T13:40:37: 
> nextjs_tailwind_shadcn_ts@0.1.0 start
> NODE_ENV=production tsx server.ts 2>&1 | tee server.log

2025-09-26T13:40:39: 2025-09-26T13:40:39: 2025-09-26T13:40:39: 2025-09-26T13:40:39: 
> nextjs_tailwind_shadcn_ts@0.1.0 start
> NODE_ENV=production tsx server.ts 2>&1 | tee server.log

2025-09-26T13:40:41: 2025-09-26T13:40:41: 2025-09-26T13:40:41: 2025-09-26T13:40:41: 
> nextjs_tailwind_shadcn_ts@0.1.0 start
> NODE_ENV=production tsx server.ts 2>&1 | tee server.log

2025-09-26T13:40:42: 2025-09-26T13:40:42: 2025-09-26T13:40:42: 2025-09-26T13:40:43: 
> nextjs_tailwind_shadcn_ts@0.1.0 start
> NODE_ENV=production tsx server.ts 2>&1 | tee server.log

2025-09-26T13:40:44: 2025-09-26T13:40:44: 2025-09-26T13:40:44: 2025-09-26T13:40:45: 
> nextjs_tailwind_shadcn_ts@0.1.0 start
> NODE_ENV=production tsx server.ts 2>&1 | tee server.log

2025-09-26T13:40:46: 2025-09-26T13:40:46: 2025-09-26T13:40:46: 2025-09-26T13:40:47: 
> nextjs_tailwind_shadcn_ts@0.1.0 start
> NODE_ENV=production tsx server.ts 2>&1 | tee server.log

2025-09-26T13:40:48: 2025-09-26T13:40:48: 2025-09-26T13:40:48: 2025-09-26T13:40:48: 
> nextjs_tailwind_shadcn_ts@0.1.0 start
> NODE_ENV=production tsx server.ts 2>&1 | tee server.log

2025-09-26T13:40:50: 2025-09-26T13:40:50: 2025-09-26T13:40:50: 2025-09-26T13:40:50: 
> nextjs_tailwind_shadcn_ts@0.1.0 start
> NODE_ENV=production tsx server.ts 2>&1 | tee server.log

2025-09-26T13:40:52: 2025-09-26T13:40:52: 2025-09-26T13:40:52: 2025-09-26T13:40:52: 
> nextjs_tailwind_shadcn_ts@0.1.0 start
> NODE_ENV=production tsx server.ts 2>&1 | tee server.log

2025-09-26T13:40:54: 2025-09-26T13:40:54: 2025-09-26T13:40:54: 2025-09-26T13:40:55: 
> nextjs_tailwind_shadcn_ts@0.1.0 start
> NODE_ENV=production tsx server.ts 2>&1 | tee server.log

2025-09-26T13:40:56: 2025-09-26T13:40:56: 2025-09-26T13:40:56: 2025-09-26T13:40:57: 
> nextjs_tailwind_shadcn_ts@0.1.0 start
> NODE_ENV=production tsx server.ts 2>&1 | tee server.log

2025-09-26T13:40:59: 2025-09-26T13:40:59: 2025-09-26T13:40:59: 2025-09-26T13:40:59: 
> nextjs_tailwind_shadcn_ts@0.1.0 start
> NODE_ENV=production tsx server.ts 2>&1 | tee server.log

2025-09-26T13:41:01: 2025-09-26T13:41:01: 2025-09-26T13:41:01: 2025-09-26T13:41:01: 
> nextjs_tailwind_shadcn_ts@0.1.0 start
> NODE_ENV=production tsx server.ts 2>&1 | tee server.log

2025-09-26T13:41:03: 2025-09-26T13:41:03: 2025-09-26T13:41:03: 2025-09-26T13:41:03: 
> nextjs_tailwind_shadcn_ts@0.1.0 start
> NODE_ENV=production tsx server.ts 2>&1 | tee server.log

2025-09-26T13:41:05: 2025-09-26T13:41:05: 2025-09-26T13:41:05: 2025-09-26T13:41:05: 
> nextjs_tailwind_shadcn_ts@0.1.0 start
> NODE_ENV=production tsx server.ts 2>&1 | tee server.log

2025-09-26T13:41:07: 2025-09-26T13:41:07: 2025-09-26T13:41:07: 2025-09-26T13:41:08: 
> nextjs_tailwind_shadcn_ts@0.1.0 start
> NODE_ENV=production tsx server.ts 2>&1 | tee server.log

2025-09-26T13:41:09: 2025-09-26T13:41:09: 2025-09-26T13:41:09: 2025-09-26T13:41:09: 
> nextjs_tailwind_shadcn_ts@0.1.0 start
> NODE_ENV=production tsx server.ts 2>&1 | tee server.log

2025-09-26T13:41:11: 2025-09-26T13:41:11: 2025-09-26T13:41:11: 2025-09-26T13:41:11: 
> nextjs_tailwind_shadcn_ts@0.1.0 start
> NODE_ENV=production tsx server.ts 2>&1 | tee server.log

2025-09-26T13:41:13: 2025-09-26T13:41:13: 2025-09-26T13:41:13: 2025-09-26T13:41:13: 
> nextjs_tailwind_shadcn_ts@0.1.0 start
> NODE_ENV=production tsx server.ts 2>&1 | tee server.log

2025-09-26T13:41:15: 2025-09-26T13:41:15: 2025-09-26T13:41:15: 
> nextjs_tailwind_shadcn_ts@0.1.0 start
> NODE_ENV=production tsx server.ts 2>&1 | tee server.log

2025-09-26T13:41:17: 2025-09-26T13:41:17: 2025-09-26T13:41:17: 2025-09-26T13:41:17: 
> nextjs_tailwind_shadcn_ts@0.1.0 start
> NODE_ENV=production tsx server.ts 2>&1 | tee server.log

2025-09-26T13:41:19: 2025-09-26T13:41:19: 2025-09-26T13:41:19: 2025-09-26T13:41:19: 
> nextjs_tailwind_shadcn_ts@0.1.0 start
> NODE_ENV=production tsx server.ts 2>&1 | tee server.log

2025-09-26T13:41:20: 2025-09-26T13:41:20: 2025-09-26T13:41:20: 2025-09-26T13:41:21: 
> nextjs_tailwind_shadcn_ts@0.1.0 start
> NODE_ENV=production tsx server.ts 2>&1 | tee server.log

2025-09-26T13:41:22: 2025-09-26T13:41:22: 2025-09-26T13:41:22: 2025-09-26T13:41:23: 
> nextjs_tailwind_shadcn_ts@0.1.0 start
> NODE_ENV=production tsx server.ts 2>&1 | tee server.log

2025-09-26T13:41:24: 2025-09-26T13:41:24: 2025-09-26T13:41:24: 2025-09-26T13:41:24: 
> nextjs_tailwind_shadcn_ts@0.1.0 start
> NODE_ENV=production tsx server.ts 2>&1 | tee server.log

2025-09-26T13:41:26: 2025-09-26T13:41:26: 2025-09-26T13:41:26: 2025-09-26T13:41:26: 
> nextjs_tailwind_shadcn_ts@0.1.0 start
> NODE_ENV=production tsx server.ts 2>&1 | tee server.log

2025-09-26T13:41:28: 2025-09-26T13:41:28: 2025-09-26T13:41:28: 2025-09-26T13:41:28: 
> nextjs_tailwind_shadcn_ts@0.1.0 start
> NODE_ENV=production tsx server.ts 2>&1 | tee server.log

2025-09-26T13:41:30: 2025-09-26T13:41:30: 2025-09-26T13:41:30: 2025-09-26T13:41:30: 
> nextjs_tailwind_shadcn_ts@0.1.0 start
> NODE_ENV=production tsx server.ts 2>&1 | tee server.log

2025-09-26T13:41:32: 2025-09-26T13:41:32: 2025-09-26T13:41:32: 2025-09-26T13:41:32: 
> nextjs_tailwind_shadcn_ts@0.1.0 start
> NODE_ENV=production tsx server.ts 2>&1 | tee server.log

2025-09-26T13:41:34: 2025-09-26T13:41:34: 2025-09-26T13:41:34: 2025-09-26T13:41:34: 
> nextjs_tailwind_shadcn_ts@0.1.0 start
> NODE_ENV=production tsx server.ts 2>&1 | tee server.log

2025-09-26T13:41:36: 2025-09-26T13:41:36: 2025-09-26T13:41:36: 2025-09-26T13:41:36: 
> nextjs_tailwind_shadcn_ts@0.1.0 start
> NODE_ENV=production tsx server.ts 2>&1 | tee server.log

2025-09-26T13:41:37: 2025-09-26T13:41:37: 2025-09-26T13:41:37: 2025-09-26T13:41:38: 
> nextjs_tailwind_shadcn_ts@0.1.0 start
> NODE_ENV=production tsx server.ts 2>&1 | tee server.log

2025-09-26T13:41:39: 2025-09-26T13:41:39: 2025-09-26T13:41:39: 2025-09-26T13:41:40: 
> nextjs_tailwind_shadcn_ts@0.1.0 start
> NODE_ENV=production tsx server.ts 2>&1 | tee server.log

2025-09-26T13:41:41: 2025-09-26T13:41:41: 2025-09-26T13:41:41: 2025-09-26T13:41:41: 
> nextjs_tailwind_shadcn_ts@0.1.0 start
> NODE_ENV=production tsx server.ts 2>&1 | tee server.log

2025-09-26T13:41:43: 2025-09-26T13:41:43: 2025-09-26T13:41:43: 2025-09-26T13:41:43: 
> nextjs_tailwind_shadcn_ts@0.1.0 start
> NODE_ENV=production tsx server.ts 2>&1 | tee server.log

2025-09-26T13:41:45: 2025-09-26T13:41:45: 2025-09-26T13:41:45: 2025-09-26T13:41:45: 
> nextjs_tailwind_shadcn_ts@0.1.0 start
> NODE_ENV=production tsx server.ts 2>&1 | tee server.log

2025-09-26T13:41:47: 2025-09-26T13:41:47: 2025-09-26T13:41:47: 2025-09-26T13:41:47: 
> nextjs_tailwind_shadcn_ts@0.1.0 start
> NODE_ENV=production tsx server.ts 2>&1 | tee server.log

2025-09-26T13:41:49: 2025-09-26T13:41:49: 2025-09-26T13:41:49: 2025-09-26T13:41:49: 
> nextjs_tailwind_shadcn_ts@0.1.0 start
> NODE_ENV=production tsx server.ts 2>&1 | tee server.log

2025-09-26T13:41:51: 2025-09-26T13:41:51: 2025-09-26T13:41:51: 2025-09-26T13:41:51: 
> nextjs_tailwind_shadcn_ts@0.1.0 start
> NODE_ENV=production tsx server.ts 2>&1 | tee server.log

2025-09-26T13:41:53: 2025-09-26T13:41:53: 2025-09-26T13:41:53: 2025-09-26T13:41:53: 
> nextjs_tailwind_shadcn_ts@0.1.0 start
> NODE_ENV=production tsx server.ts 2>&1 | tee server.log

2025-09-26T13:41:54: 2025-09-26T13:41:54: 2025-09-26T13:41:54: 2025-09-26T13:41:55: 
> nextjs_tailwind_shadcn_ts@0.1.0 start
> NODE_ENV=production tsx server.ts 2>&1 | tee server.log

2025-09-26T13:41:56: 2025-09-26T13:41:56: 2025-09-26T13:41:56: 2025-09-26T13:41:57: 
> nextjs_tailwind_shadcn_ts@0.1.0 start
> NODE_ENV=production tsx server.ts 2>&1 | tee server.log

2025-09-26T13:41:58: 2025-09-26T13:41:58: 2025-09-26T13:41:58: 2025-09-26T13:41:59: 
> nextjs_tailwind_shadcn_ts@0.1.0 start
> NODE_ENV=production tsx server.ts 2>&1 | tee server.log

2025-09-26T13:42:00: 2025-09-26T13:42:00: 2025-09-26T13:42:00: 2025-09-26T13:42:00: 
> nextjs_tailwind_shadcn_ts@0.1.0 start
> NODE_ENV=production tsx server.ts 2>&1 | tee server.log

2025-09-26T13:42:02: 2025-09-26T13:42:02: 2025-09-26T13:42:02: 2025-09-26T13:42:02: 
> nextjs_tailwind_shadcn_ts@0.1.0 start
> NODE_ENV=production tsx server.ts 2>&1 | tee server.log

2025-09-26T13:42:04: 2025-09-26T13:42:04: 2025-09-26T13:42:04: 2025-09-26T13:42:04: 
> nextjs_tailwind_shadcn_ts@0.1.0 start
> NODE_ENV=production tsx server.ts 2>&1 | tee server.log

2025-09-26T13:42:06: 2025-09-26T13:42:06: 2025-09-26T13:42:06: 2025-09-26T13:42:06: 
> nextjs_tailwind_shadcn_ts@0.1.0 start
> NODE_ENV=production tsx server.ts 2>&1 | tee server.log

2025-09-26T13:42:08: 2025-09-26T13:42:08: 2025-09-26T13:42:08: 2025-09-26T13:42:08: 
> nextjs_tailwind_shadcn_ts@0.1.0 start
> NODE_ENV=production tsx server.ts 2>&1 | tee server.log

2025-09-26T13:42:10: 2025-09-26T13:42:10: 2025-09-26T13:42:10: 2025-09-26T13:42:10: 
> nextjs_tailwind_shadcn_ts@0.1.0 start
> NODE_ENV=production tsx server.ts 2>&1 | tee server.log

2025-09-26T13:42:11: 2025-09-26T13:42:11: 2025-09-26T13:42:11: 2025-09-26T13:42:12: 
> nextjs_tailwind_shadcn_ts@0.1.0 start
> NODE_ENV=production tsx server.ts 2>&1 | tee server.log

2025-09-26T13:42:13: 2025-09-26T13:42:13: 2025-09-26T13:42:13: 2025-09-26T13:42:14: 
> nextjs_tailwind_shadcn_ts@0.1.0 start
> NODE_ENV=production tsx server.ts 2>&1 | tee server.log

2025-09-26T13:42:15: 2025-09-26T13:42:15: 2025-09-26T13:42:15: 2025-09-26T13:42:16: 
> nextjs_tailwind_shadcn_ts@0.1.0 start
> NODE_ENV=production tsx server.ts 2>&1 | tee server.log

2025-09-26T13:42:17: 2025-09-26T13:42:17: 2025-09-26T13:42:17: 2025-09-26T13:42:17: 
> nextjs_tailwind_shadcn_ts@0.1.0 start
> NODE_ENV=production tsx server.ts 2>&1 | tee server.log

2025-09-26T13:42:19: 2025-09-26T13:42:19: 2025-09-26T13:42:19: 2025-09-26T13:42:19: 
> nextjs_tailwind_shadcn_ts@0.1.0 start
> NODE_ENV=production tsx server.ts 2>&1 | tee server.log

2025-09-26T13:42:21: 2025-09-26T13:42:21: 2025-09-26T13:42:21: 2025-09-26T13:42:21: 
> nextjs_tailwind_shadcn_ts@0.1.0 start
> NODE_ENV=production tsx server.ts 2>&1 | tee server.log

2025-09-26T13:42:23: 2025-09-26T13:42:23: 2025-09-26T13:42:23: 2025-09-26T13:42:23: 
> nextjs_tailwind_shadcn_ts@0.1.0 start
> NODE_ENV=production tsx server.ts 2>&1 | tee server.log

2025-09-26T13:42:25: 2025-09-26T13:42:25: 2025-09-26T13:42:25: 2025-09-26T13:42:25: 
> nextjs_tailwind_shadcn_ts@0.1.0 start
> NODE_ENV=production tsx server.ts 2>&1 | tee server.log

2025-09-26T13:42:27: 2025-09-26T13:42:27: 2025-09-26T13:42:27: 2025-09-26T13:42:27: 
> nextjs_tailwind_shadcn_ts@0.1.0 start
> NODE_ENV=production tsx server.ts 2>&1 | tee server.log

2025-09-26T13:42:28: 2025-09-26T13:42:28: 2025-09-26T13:42:28: 2025-09-26T13:42:29: 
> nextjs_tailwind_shadcn_ts@0.1.0 start
> NODE_ENV=production tsx server.ts 2>&1 | tee server.log

2025-09-26T13:42:30: 2025-09-26T13:42:30: 2025-09-26T13:42:30: 2025-09-26T13:42:31: 
> nextjs_tailwind_shadcn_ts@0.1.0 start
> NODE_ENV=production tsx server.ts 2>&1 | tee server.log

2025-09-26T13:42:32: 2025-09-26T13:42:32: 2025-09-26T13:42:32: 2025-09-26T13:42:33: 
> nextjs_tailwind_shadcn_ts@0.1.0 start
> NODE_ENV=production tsx server.ts 2>&1 | tee server.log

2025-09-26T13:42:34: 2025-09-26T13:42:34: 2025-09-26T13:42:34: 2025-09-26T13:42:34: 
> nextjs_tailwind_shadcn_ts@0.1.0 start
> NODE_ENV=production tsx server.ts 2>&1 | tee server.log

2025-09-26T13:42:36: 2025-09-26T13:42:36: 2025-09-26T13:42:36: 2025-09-26T13:42:36: 
> nextjs_tailwind_shadcn_ts@0.1.0 start
> NODE_ENV=production tsx server.ts 2>&1 | tee server.log

2025-09-26T13:42:38: 2025-09-26T13:42:38: 2025-09-26T13:42:38: 2025-09-26T13:42:38: 
> nextjs_tailwind_shadcn_ts@0.1.0 start
> NODE_ENV=production tsx server.ts 2>&1 | tee server.log

2025-09-26T13:42:40: 2025-09-26T13:42:40: 2025-09-26T13:42:40: 2025-09-26T13:42:40: 
> nextjs_tailwind_shadcn_ts@0.1.0 start
> NODE_ENV=production tsx server.ts 2>&1 | tee server.log

2025-09-26T13:42:42: 2025-09-26T13:42:42: 2025-09-26T13:42:42: 2025-09-26T13:42:42: 
> nextjs_tailwind_shadcn_ts@0.1.0 start
> NODE_ENV=production tsx server.ts 2>&1 | tee server.log

2025-09-26T13:42:44: 2025-09-26T13:42:44: 2025-09-26T13:42:44: 2025-09-26T13:42:44: 
> nextjs_tailwind_shadcn_ts@0.1.0 start
> NODE_ENV=production tsx server.ts 2>&1 | tee server.log

2025-09-26T13:42:45: 2025-09-26T13:42:45: 2025-09-26T13:42:45: 2025-09-26T13:42:46: 
> nextjs_tailwind_shadcn_ts@0.1.0 start
> NODE_ENV=production tsx server.ts 2>&1 | tee server.log

2025-09-26T13:42:47: 2025-09-26T13:42:47: 2025-09-26T13:42:47: 2025-09-26T13:42:48: 
> nextjs_tailwind_shadcn_ts@0.1.0 start
> NODE_ENV=production tsx server.ts 2>&1 | tee server.log

2025-09-26T13:42:49: 2025-09-26T13:42:49: 2025-09-26T13:42:49: 2025-09-26T13:42:49: 
> nextjs_tailwind_shadcn_ts@0.1.0 start
> NODE_ENV=production tsx server.ts 2>&1 | tee server.log

2025-09-26T13:42:51: 2025-09-26T13:42:51: 2025-09-26T13:42:51: 2025-09-26T13:42:51: 
> nextjs_tailwind_shadcn_ts@0.1.0 start
> NODE_ENV=production tsx server.ts 2>&1 | tee server.log

2025-09-26T13:42:53: 2025-09-26T13:42:53: 2025-09-26T13:42:53: 2025-09-26T13:42:53: 
> nextjs_tailwind_shadcn_ts@0.1.0 start
> NODE_ENV=production tsx server.ts 2>&1 | tee server.log

2025-09-26T13:42:55: 2025-09-26T13:42:55: 2025-09-26T13:42:55: 2025-09-26T13:42:55: 
> nextjs_tailwind_shadcn_ts@0.1.0 start
> NODE_ENV=production tsx server.ts 2>&1 | tee server.log

2025-09-26T13:42:57: 2025-09-26T13:42:57: 2025-09-26T13:42:57: 2025-09-26T13:42:57: 
> nextjs_tailwind_shadcn_ts@0.1.0 start
> NODE_ENV=production tsx server.ts 2>&1 | tee server.log

2025-09-26T13:42:59: 2025-09-26T13:42:59: 2025-09-26T13:42:59: 2025-09-26T13:42:59: 
> nextjs_tailwind_shadcn_ts@0.1.0 start
> NODE_ENV=production tsx server.ts 2>&1 | tee server.log

2025-09-26T13:43:01: 2025-09-26T13:43:01: 2025-09-26T13:43:01: 2025-09-26T13:43:01: 
> nextjs_tailwind_shadcn_ts@0.1.0 start
> NODE_ENV=production tsx server.ts 2>&1 | tee server.log

2025-09-26T13:43:03: 2025-09-26T13:43:03: 2025-09-26T13:43:03: 2025-09-26T13:43:03: 
> nextjs_tailwind_shadcn_ts@0.1.0 start
> NODE_ENV=production tsx server.ts 2>&1 | tee server.log

2025-09-26T13:43:05: 2025-09-26T13:43:05: 2025-09-26T13:43:05: 2025-09-26T13:43:05: 
> nextjs_tailwind_shadcn_ts@0.1.0 start
> NODE_ENV=production tsx server.ts 2>&1 | tee server.log

2025-09-26T13:43:07: 2025-09-26T13:43:07: 2025-09-26T13:43:07: 2025-09-26T13:43:07: 
> nextjs_tailwind_shadcn_ts@0.1.0 start
> NODE_ENV=production tsx server.ts 2>&1 | tee server.log

2025-09-26T13:43:08: 2025-09-26T13:43:08: 2025-09-26T13:43:08: 2025-09-26T13:43:09: 
> nextjs_tailwind_shadcn_ts@0.1.0 start
> NODE_ENV=production tsx server.ts 2>&1 | tee server.log

2025-09-26T13:43:10: 2025-09-26T13:43:10: 2025-09-26T13:43:10: 2025-09-26T13:43:11: 
> nextjs_tailwind_shadcn_ts@0.1.0 start
> NODE_ENV=production tsx server.ts 2>&1 | tee server.log

2025-09-26T13:43:12: 2025-09-26T13:43:12: 2025-09-26T13:43:12: 2025-09-26T13:43:13: 
> nextjs_tailwind_shadcn_ts@0.1.0 start
> NODE_ENV=production tsx server.ts 2>&1 | tee server.log

2025-09-26T13:43:14: 2025-09-26T13:43:14: 2025-09-26T13:43:14: 2025-09-26T13:43:15: 
> nextjs_tailwind_shadcn_ts@0.1.0 start
> NODE_ENV=production tsx server.ts 2>&1 | tee server.log

2025-09-26T13:43:16: 2025-09-26T13:43:16: 2025-09-26T13:43:16: 2025-09-26T13:43:16: 
> nextjs_tailwind_shadcn_ts@0.1.0 start
> NODE_ENV=production tsx server.ts 2>&1 | tee server.log

2025-09-26T13:43:18: 2025-09-26T13:43:18: 2025-09-26T13:43:18: 2025-09-26T13:43:18: 
> nextjs_tailwind_shadcn_ts@0.1.0 start
> NODE_ENV=production tsx server.ts 2>&1 | tee server.log

2025-09-26T13:43:20: 2025-09-26T13:43:20: 2025-09-26T13:43:20: 2025-09-26T13:43:20: 
> nextjs_tailwind_shadcn_ts@0.1.0 start
> NODE_ENV=production tsx server.ts 2>&1 | tee server.log

2025-09-26T13:43:22: 2025-09-26T13:43:22: 2025-09-26T13:43:22: 2025-09-26T13:43:22: 
> nextjs_tailwind_shadcn_ts@0.1.0 start
> NODE_ENV=production tsx server.ts 2>&1 | tee server.log

2025-09-26T13:43:24: 2025-09-26T13:43:24: 2025-09-26T13:43:24: 2025-09-26T13:43:24: 
> nextjs_tailwind_shadcn_ts@0.1.0 start
> NODE_ENV=production tsx server.ts 2>&1 | tee server.log

2025-09-26T13:43:26: 2025-09-26T13:43:26: 2025-09-26T13:43:26: 2025-09-26T13:43:26: 
> nextjs_tailwind_shadcn_ts@0.1.0 start
> NODE_ENV=production tsx server.ts 2>&1 | tee server.log

2025-09-26T13:43:27: 2025-09-26T13:43:27: 2025-09-26T13:43:27: 2025-09-26T13:43:28: 
> nextjs_tailwind_shadcn_ts@0.1.0 start
> NODE_ENV=production tsx server.ts 2>&1 | tee server.log

2025-09-26T13:43:29: 2025-09-26T13:43:29: 2025-09-26T13:43:29: 2025-09-26T13:43:30: 
> nextjs_tailwind_shadcn_ts@0.1.0 start
> NODE_ENV=production tsx server.ts 2>&1 | tee server.log

2025-09-26T13:43:31: 2025-09-26T13:43:31: 2025-09-26T13:43:31: 2025-09-26T13:43:31: 
> nextjs_tailwind_shadcn_ts@0.1.0 start
> NODE_ENV=production tsx server.ts 2>&1 | tee server.log

2025-09-26T13:43:33: 2025-09-26T13:43:33: 2025-09-26T13:43:33: 2025-09-26T13:43:33: 
> nextjs_tailwind_shadcn_ts@0.1.0 start
> NODE_ENV=production tsx server.ts 2>&1 | tee server.log

2025-09-26T13:43:35: 2025-09-26T13:43:35: 2025-09-26T13:43:35: 2025-09-26T13:43:35: 
> nextjs_tailwind_shadcn_ts@0.1.0 start
> NODE_ENV=production tsx server.ts 2>&1 | tee server.log

2025-09-26T13:43:37: 2025-09-26T13:43:37: 2025-09-26T13:43:37: 2025-09-26T13:43:37: 
> nextjs_tailwind_shadcn_ts@0.1.0 start
> NODE_ENV=production tsx server.ts 2>&1 | tee server.log

2025-09-26T13:43:39: 2025-09-26T13:43:39: 2025-09-26T13:43:39: 2025-09-26T13:43:39: 
> nextjs_tailwind_shadcn_ts@0.1.0 start
> NODE_ENV=production tsx server.ts 2>&1 | tee server.log

2025-09-26T13:43:41: 2025-09-26T13:43:41: 2025-09-26T13:43:41: 2025-09-26T13:43:41: 
> nextjs_tailwind_shadcn_ts@0.1.0 start
> NODE_ENV=production tsx server.ts 2>&1 | tee server.log

2025-09-26T13:43:42: 2025-09-26T13:43:42: 2025-09-26T13:43:42: 2025-09-26T13:43:43: 
> nextjs_tailwind_shadcn_ts@0.1.0 start
> NODE_ENV=production tsx server.ts 2>&1 | tee server.log

2025-09-26T13:43:44: 2025-09-26T13:43:44: 2025-09-26T13:43:44: 2025-09-26T13:43:45: 
> nextjs_tailwind_shadcn_ts@0.1.0 start
> NODE_ENV=production tsx server.ts 2>&1 | tee server.log

2025-09-26T13:43:46: 2025-09-26T13:43:46: 2025-09-26T13:43:46: 2025-09-26T13:43:46: 
> nextjs_tailwind_shadcn_ts@0.1.0 start
> NODE_ENV=production tsx server.ts 2>&1 | tee server.log

2025-09-26T13:43:48: 2025-09-26T13:43:48: 2025-09-26T13:43:48: 2025-09-26T13:43:48: 
> nextjs_tailwind_shadcn_ts@0.1.0 start
> NODE_ENV=production tsx server.ts 2>&1 | tee server.log

2025-09-26T13:43:50: 2025-09-26T13:43:50: 2025-09-26T13:43:50: 2025-09-26T13:43:50: 
> nextjs_tailwind_shadcn_ts@0.1.0 start
> NODE_ENV=production tsx server.ts 2>&1 | tee server.log

2025-09-26T13:43:52: 2025-09-26T13:43:52: 2025-09-26T13:43:52: 2025-09-26T13:43:52: 
> nextjs_tailwind_shadcn_ts@0.1.0 start
> NODE_ENV=production tsx server.ts 2>&1 | tee server.log

2025-09-26T13:43:54: 2025-09-26T13:43:54: 2025-09-26T13:43:54: 2025-09-26T13:43:54: 
> nextjs_tailwind_shadcn_ts@0.1.0 start
> NODE_ENV=production tsx server.ts 2>&1 | tee server.log

2025-09-26T13:43:55: 2025-09-26T13:43:55: 2025-09-26T13:43:55: 2025-09-26T13:43:56: 
> nextjs_tailwind_shadcn_ts@0.1.0 start
> NODE_ENV=production tsx server.ts 2>&1 | tee server.log

2025-09-26T13:43:57: 2025-09-26T13:43:57: 2025-09-26T13:43:57: 2025-09-26T13:43:57: 
> nextjs_tailwind_shadcn_ts@0.1.0 start
> NODE_ENV=production tsx server.ts 2>&1 | tee server.log

2025-09-26T13:43:59: 2025-09-26T13:43:59: 2025-09-26T13:43:59: 2025-09-26T13:43:59: 
> nextjs_tailwind_shadcn_ts@0.1.0 start
> NODE_ENV=production tsx server.ts 2>&1 | tee server.log

2025-09-26T13:44:01: 2025-09-26T13:44:01: 2025-09-26T13:44:01: 2025-09-26T13:44:01: 
> nextjs_tailwind_shadcn_ts@0.1.0 start
> NODE_ENV=production tsx server.ts 2>&1 | tee server.log

2025-09-26T13:44:03: 2025-09-26T13:44:03: 2025-09-26T13:44:03: 2025-09-26T13:44:03: 
> nextjs_tailwind_shadcn_ts@0.1.0 start
> NODE_ENV=production tsx server.ts 2>&1 | tee server.log

2025-09-26T13:44:05: 2025-09-26T13:44:05: 2025-09-26T13:44:05: 2025-09-26T13:44:05: 
> nextjs_tailwind_shadcn_ts@0.1.0 start
> NODE_ENV=production tsx server.ts 2>&1 | tee server.log

2025-09-26T13:44:07: 2025-09-26T13:44:07: 2025-09-26T13:44:07: 2025-09-26T13:44:07: 
> nextjs_tailwind_shadcn_ts@0.1.0 start
> NODE_ENV=production tsx server.ts 2>&1 | tee server.log

2025-09-26T13:44:08: 2025-09-26T13:44:08: 2025-09-26T13:44:08: 2025-09-26T13:44:09: 
> nextjs_tailwind_shadcn_ts@0.1.0 start
> NODE_ENV=production tsx server.ts 2>&1 | tee server.log

2025-09-26T13:44:10: 2025-09-26T13:44:10: 2025-09-26T13:44:10: 2025-09-26T13:44:11: 
> nextjs_tailwind_shadcn_ts@0.1.0 start
> NODE_ENV=production tsx server.ts 2>&1 | tee server.log

2025-09-26T13:44:12: 2025-09-26T13:44:12: 2025-09-26T13:44:12: 2025-09-26T13:44:12: 
> nextjs_tailwind_shadcn_ts@0.1.0 start
> NODE_ENV=production tsx server.ts 2>&1 | tee server.log

2025-09-26T13:44:14: 2025-09-26T13:44:14: 2025-09-26T13:44:14: 2025-09-26T13:44:14: 
> nextjs_tailwind_shadcn_ts@0.1.0 start
> NODE_ENV=production tsx server.ts 2>&1 | tee server.log

2025-09-26T13:44:16: 2025-09-26T13:44:16: 2025-09-26T13:44:16: 2025-09-26T13:44:16: 
> nextjs_tailwind_shadcn_ts@0.1.0 start
> NODE_ENV=production tsx server.ts 2>&1 | tee server.log

2025-09-26T13:44:18: 2025-09-26T13:44:18: 2025-09-26T13:44:18: 2025-09-26T13:44:18: 
> nextjs_tailwind_shadcn_ts@0.1.0 start
> NODE_ENV=production tsx server.ts 2>&1 | tee server.log

2025-09-26T13:44:20: 2025-09-26T13:44:20: 2025-09-26T13:44:20: 2025-09-26T13:44:20: 
> nextjs_tailwind_shadcn_ts@0.1.0 start
> NODE_ENV=production tsx server.ts 2>&1 | tee server.log

2025-09-26T13:44:22: 2025-09-26T13:44:22: 2025-09-26T13:44:22: 2025-09-26T13:44:22: 
> nextjs_tailwind_shadcn_ts@0.1.0 start
> NODE_ENV=production tsx server.ts 2>&1 | tee server.log

2025-09-26T13:44:23: 2025-09-26T13:44:23: 2025-09-26T13:44:23: 2025-09-26T13:44:24: 
> nextjs_tailwind_shadcn_ts@0.1.0 start
> NODE_ENV=production tsx server.ts 2>&1 | tee server.log

2025-09-26T13:44:25: 2025-09-26T13:44:25: 2025-09-26T13:44:25: 2025-09-26T13:44:26: 
> nextjs_tailwind_shadcn_ts@0.1.0 start
> NODE_ENV=production tsx server.ts 2>&1 | tee server.log

2025-09-26T13:44:27: 2025-09-26T13:44:27: 2025-09-26T13:44:27: 2025-09-26T13:44:27: 
> nextjs_tailwind_shadcn_ts@0.1.0 start
> NODE_ENV=production tsx server.ts 2>&1 | tee server.log

2025-09-26T13:44:29: 2025-09-26T13:44:29: 2025-09-26T13:44:29: 2025-09-26T13:44:29: 
> nextjs_tailwind_shadcn_ts@0.1.0 start
> NODE_ENV=production tsx server.ts 2>&1 | tee server.log

2025-09-26T13:44:31: 2025-09-26T13:44:31: 2025-09-26T13:44:31: 2025-09-26T13:44:31: 
> nextjs_tailwind_shadcn_ts@0.1.0 start
> NODE_ENV=production tsx server.ts 2>&1 | tee server.log

2025-09-26T13:44:33: 2025-09-26T13:44:33: 2025-09-26T13:44:33: 2025-09-26T13:44:33: 
> nextjs_tailwind_shadcn_ts@0.1.0 start
> NODE_ENV=production tsx server.ts 2>&1 | tee server.log

2025-09-26T13:44:35: 2025-09-26T13:44:35: 2025-09-26T13:44:35: 2025-09-26T13:44:35: 
> nextjs_tailwind_shadcn_ts@0.1.0 start
> NODE_ENV=production tsx server.ts 2>&1 | tee server.log

2025-09-26T13:44:37: 2025-09-26T13:44:37: 2025-09-26T13:44:37: 2025-09-26T13:44:37: 
> nextjs_tailwind_shadcn_ts@0.1.0 start
> NODE_ENV=production tsx server.ts 2>&1 | tee server.log

2025-09-26T13:44:39: 2025-09-26T13:44:39: 2025-09-26T13:44:39: 2025-09-26T13:44:39: 
> nextjs_tailwind_shadcn_ts@0.1.0 start
> NODE_ENV=production tsx server.ts 2>&1 | tee server.log

2025-09-26T13:44:40: 2025-09-26T13:44:40: 2025-09-26T13:44:40: 2025-09-26T13:44:41: 
> nextjs_tailwind_shadcn_ts@0.1.0 start
> NODE_ENV=production tsx server.ts 2>&1 | tee server.log

2025-09-26T13:44:42: 2025-09-26T13:44:42: 2025-09-26T13:44:42: 2025-09-26T13:44:43: 
> nextjs_tailwind_shadcn_ts@0.1.0 start
> NODE_ENV=production tsx server.ts 2>&1 | tee server.log

2025-09-26T13:44:44: 2025-09-26T13:44:44: 2025-09-26T13:44:44: 2025-09-26T13:44:44: 
> nextjs_tailwind_shadcn_ts@0.1.0 start
> NODE_ENV=production tsx server.ts 2>&1 | tee server.log

2025-09-26T13:44:46: 2025-09-26T13:44:46: 2025-09-26T13:44:46: 2025-09-26T13:44:46: 
> nextjs_tailwind_shadcn_ts@0.1.0 start
> NODE_ENV=production tsx server.ts 2>&1 | tee server.log

2025-09-26T13:44:48: 2025-09-26T13:44:48: 2025-09-26T13:44:48: 2025-09-26T13:44:48: 
> nextjs_tailwind_shadcn_ts@0.1.0 start
> NODE_ENV=production tsx server.ts 2>&1 | tee server.log

2025-09-26T13:44:50: 2025-09-26T13:44:50: 2025-09-26T13:44:50: 2025-09-26T13:44:50: 
> nextjs_tailwind_shadcn_ts@0.1.0 start
> NODE_ENV=production tsx server.ts 2>&1 | tee server.log

2025-09-26T13:44:52: 2025-09-26T13:44:52: 2025-09-26T13:44:52: 2025-09-26T13:44:52: 
> nextjs_tailwind_shadcn_ts@0.1.0 start
> NODE_ENV=production tsx server.ts 2>&1 | tee server.log

2025-09-26T13:44:54: 2025-09-26T13:44:54: 2025-09-26T13:44:54: 2025-09-26T13:44:54: 
> nextjs_tailwind_shadcn_ts@0.1.0 start
> NODE_ENV=production tsx server.ts 2>&1 | tee server.log

2025-09-26T13:44:56: 2025-09-26T13:44:56: 2025-09-26T13:44:56: 2025-09-26T13:44:56: 
> nextjs_tailwind_shadcn_ts@0.1.0 start
> NODE_ENV=production tsx server.ts 2>&1 | tee server.log

2025-09-26T13:46:08: 
> nextjs_tailwind_shadcn_ts@0.1.0 start
> NODE_ENV=production tsx server.ts 2>&1 | tee server.log

2025-09-26T13:46:09: 2025-09-26T13:46:09: 2025-09-26T13:46:09: 2025-09-26T13:46:10: 
> nextjs_tailwind_shadcn_ts@0.1.0 start
> NODE_ENV=production tsx server.ts 2>&1 | tee server.log

