2025-09-26T13:24:52: 
> nextjs_tailwind_shadcn_ts@0.1.0 start
> NODE_ENV=production tsx server.ts 2>&1 | tee server.log

2025-09-26T13:24:54: 2025-09-26T13:24:54: 2025-09-26T13:24:54: 2025-09-26T13:24:54: 
> nextjs_tailwind_shadcn_ts@0.1.0 start
> NODE_ENV=production tsx server.ts 2>&1 | tee server.log

2025-09-26T13:24:56: 2025-09-26T13:24:56: 2025-09-26T13:24:56: 2025-09-26T13:24:56: 
> nextjs_tailwind_shadcn_ts@0.1.0 start
> NODE_ENV=production tsx server.ts 2>&1 | tee server.log

2025-09-26T13:24:58: 2025-09-26T13:24:58: 2025-09-26T13:24:58: 2025-09-26T13:24:58: 
> nextjs_tailwind_shadcn_ts@0.1.0 start
> NODE_ENV=production tsx server.ts 2>&1 | tee server.log

2025-09-26T13:25:00: 2025-09-26T13:25:00: 2025-09-26T13:25:00: 2025-09-26T13:25:00: 
> nextjs_tailwind_shadcn_ts@0.1.0 start
> NODE_ENV=production tsx server.ts 2>&1 | tee server.log

2025-09-26T13:25:02: 2025-09-26T13:25:02: 2025-09-26T13:25:02: 2025-09-26T13:25:02: 
> nextjs_tailwind_shadcn_ts@0.1.0 start
> NODE_ENV=production tsx server.ts 2>&1 | tee server.log

2025-09-26T13:25:04: 2025-09-26T13:25:04: 2025-09-26T13:25:04: 2025-09-26T13:25:04: 
> nextjs_tailwind_shadcn_ts@0.1.0 start
> NODE_ENV=production tsx server.ts 2>&1 | tee server.log

2025-09-26T13:25:05: 2025-09-26T13:25:05: 2025-09-26T13:25:05: 2025-09-26T13:25:06: 
> nextjs_tailwind_shadcn_ts@0.1.0 start
> NODE_ENV=production tsx server.ts 2>&1 | tee server.log

2025-09-26T13:25:07: 2025-09-26T13:25:07: 2025-09-26T13:25:07: 2025-09-26T13:25:08: 
> nextjs_tailwind_shadcn_ts@0.1.0 start
> NODE_ENV=production tsx server.ts 2>&1 | tee server.log

2025-09-26T13:25:09: 2025-09-26T13:25:09: 2025-09-26T13:25:09: 2025-09-26T13:25:09: 
> nextjs_tailwind_shadcn_ts@0.1.0 start
> NODE_ENV=production tsx server.ts 2>&1 | tee server.log

2025-09-26T13:25:11: 2025-09-26T13:25:11: 2025-09-26T13:25:11: 2025-09-26T13:25:11: 
> nextjs_tailwind_shadcn_ts@0.1.0 start
> NODE_ENV=production tsx server.ts 2>&1 | tee server.log

2025-09-26T13:25:13: 2025-09-26T13:25:13: 2025-09-26T13:25:13: 2025-09-26T13:25:13: 
> nextjs_tailwind_shadcn_ts@0.1.0 start
> NODE_ENV=production tsx server.ts 2>&1 | tee server.log

2025-09-26T13:25:15: 2025-09-26T13:25:15: 2025-09-26T13:25:15: 2025-09-26T13:25:15: 
> nextjs_tailwind_shadcn_ts@0.1.0 start
> NODE_ENV=production tsx server.ts 2>&1 | tee server.log

2025-09-26T13:25:17: 2025-09-26T13:25:17: 2025-09-26T13:25:17: 2025-09-26T13:25:17: 
> nextjs_tailwind_shadcn_ts@0.1.0 start
> NODE_ENV=production tsx server.ts 2>&1 | tee server.log

2025-09-26T13:25:19: 2025-09-26T13:25:19: 2025-09-26T13:25:19: 2025-09-26T13:25:19: 
> nextjs_tailwind_shadcn_ts@0.1.0 start
> NODE_ENV=production tsx server.ts 2>&1 | tee server.log

2025-09-26T13:25:21: 2025-09-26T13:25:21: 2025-09-26T13:25:21: 2025-09-26T13:25:21: 
> nextjs_tailwind_shadcn_ts@0.1.0 start
> NODE_ENV=production tsx server.ts 2>&1 | tee server.log

2025-09-26T13:25:22: 2025-09-26T13:25:22: 2025-09-26T13:25:22: 2025-09-26T13:25:23: 
> nextjs_tailwind_shadcn_ts@0.1.0 start
> NODE_ENV=production tsx server.ts 2>&1 | tee server.log

2025-09-26T13:25:24: 2025-09-26T13:25:24: 2025-09-26T13:25:24: 2025-09-26T13:25:25: 
> nextjs_tailwind_shadcn_ts@0.1.0 start
> NODE_ENV=production tsx server.ts 2>&1 | tee server.log

2025-09-26T13:25:26: 2025-09-26T13:25:26: 2025-09-26T13:25:26: 2025-09-26T13:25:27: 
> nextjs_tailwind_shadcn_ts@0.1.0 start
> NODE_ENV=production tsx server.ts 2>&1 | tee server.log

2025-09-26T13:25:28: 2025-09-26T13:25:28: 2025-09-26T13:25:28: 2025-09-26T13:25:28: 
> nextjs_tailwind_shadcn_ts@0.1.0 start
> NODE_ENV=production tsx server.ts 2>&1 | tee server.log

2025-09-26T13:25:30: 2025-09-26T13:25:30: 2025-09-26T13:25:30: 2025-09-26T13:25:30: 
> nextjs_tailwind_shadcn_ts@0.1.0 start
> NODE_ENV=production tsx server.ts 2>&1 | tee server.log

2025-09-26T13:25:32: 2025-09-26T13:25:32: 2025-09-26T13:25:32: 
> nextjs_tailwind_shadcn_ts@0.1.0 start
> NODE_ENV=production tsx server.ts 2>&1 | tee server.log

2025-09-26T13:25:34: 2025-09-26T13:25:34: 2025-09-26T13:25:34: 2025-09-26T13:25:34: 
> nextjs_tailwind_shadcn_ts@0.1.0 start
> NODE_ENV=production tsx server.ts 2>&1 | tee server.log

2025-09-26T13:25:36: 2025-09-26T13:25:36: 2025-09-26T13:25:36: 2025-09-26T13:25:36: 
> nextjs_tailwind_shadcn_ts@0.1.0 start
> NODE_ENV=production tsx server.ts 2>&1 | tee server.log

2025-09-26T13:25:38: 2025-09-26T13:25:38: 2025-09-26T13:25:38: 2025-09-26T13:25:38: 
> nextjs_tailwind_shadcn_ts@0.1.0 start
> NODE_ENV=production tsx server.ts 2>&1 | tee server.log

2025-09-26T13:25:39: 2025-09-26T13:25:39: 2025-09-26T13:25:39: 2025-09-26T13:25:40: 
> nextjs_tailwind_shadcn_ts@0.1.0 start
> NODE_ENV=production tsx server.ts 2>&1 | tee server.log

2025-09-26T13:25:41: 2025-09-26T13:25:41: 2025-09-26T13:25:41: 2025-09-26T13:25:42: 
> nextjs_tailwind_shadcn_ts@0.1.0 start
> NODE_ENV=production tsx server.ts 2>&1 | tee server.log

2025-09-26T13:25:43: 2025-09-26T13:25:43: 2025-09-26T13:25:43: 2025-09-26T13:25:43: 
> nextjs_tailwind_shadcn_ts@0.1.0 start
> NODE_ENV=production tsx server.ts 2>&1 | tee server.log

2025-09-26T13:25:45: 2025-09-26T13:25:45: 2025-09-26T13:25:45: 2025-09-26T13:25:45: 
> nextjs_tailwind_shadcn_ts@0.1.0 start
> NODE_ENV=production tsx server.ts 2>&1 | tee server.log

2025-09-26T13:25:47: 2025-09-26T13:25:47: 2025-09-26T13:25:47: 2025-09-26T13:25:47: 
> nextjs_tailwind_shadcn_ts@0.1.0 start
> NODE_ENV=production tsx server.ts 2>&1 | tee server.log

2025-09-26T13:25:49: 2025-09-26T13:25:49: 2025-09-26T13:25:49: 2025-09-26T13:25:49: 
> nextjs_tailwind_shadcn_ts@0.1.0 start
> NODE_ENV=production tsx server.ts 2>&1 | tee server.log

2025-09-26T13:25:51: 2025-09-26T13:25:51: 2025-09-26T13:25:51: 2025-09-26T13:25:51: 
> nextjs_tailwind_shadcn_ts@0.1.0 start
> NODE_ENV=production tsx server.ts 2>&1 | tee server.log

2025-09-26T13:25:52: 2025-09-26T13:25:52: 2025-09-26T13:25:52: 2025-09-26T13:25:53: 
> nextjs_tailwind_shadcn_ts@0.1.0 start
> NODE_ENV=production tsx server.ts 2>&1 | tee server.log

2025-09-26T13:25:54: 2025-09-26T13:25:54: 2025-09-26T13:25:54: 2025-09-26T13:25:55: 
> nextjs_tailwind_shadcn_ts@0.1.0 start
> NODE_ENV=production tsx server.ts 2>&1 | tee server.log

2025-09-26T13:25:56: 2025-09-26T13:25:56: 2025-09-26T13:25:56: 2025-09-26T13:25:56: 
> nextjs_tailwind_shadcn_ts@0.1.0 start
> NODE_ENV=production tsx server.ts 2>&1 | tee server.log

2025-09-26T13:25:58: 2025-09-26T13:25:58: 2025-09-26T13:25:58: 2025-09-26T13:25:58: 
> nextjs_tailwind_shadcn_ts@0.1.0 start
> NODE_ENV=production tsx server.ts 2>&1 | tee server.log

2025-09-26T13:26:00: 2025-09-26T13:26:00: 2025-09-26T13:26:00: 2025-09-26T13:26:00: 
> nextjs_tailwind_shadcn_ts@0.1.0 start
> NODE_ENV=production tsx server.ts 2>&1 | tee server.log

2025-09-26T13:26:02: 2025-09-26T13:26:02: 2025-09-26T13:26:02: 2025-09-26T13:26:02: 
> nextjs_tailwind_shadcn_ts@0.1.0 start
> NODE_ENV=production tsx server.ts 2>&1 | tee server.log

2025-09-26T13:26:04: 2025-09-26T13:26:04: 2025-09-26T13:26:04: 2025-09-26T13:26:04: 
> nextjs_tailwind_shadcn_ts@0.1.0 start
> NODE_ENV=production tsx server.ts 2>&1 | tee server.log

2025-09-26T13:26:05: 2025-09-26T13:26:05: 2025-09-26T13:26:05: 2025-09-26T13:26:06: 
> nextjs_tailwind_shadcn_ts@0.1.0 start
> NODE_ENV=production tsx server.ts 2>&1 | tee server.log

2025-09-26T13:26:07: 2025-09-26T13:26:07: 2025-09-26T13:26:07: 2025-09-26T13:26:07: 
> nextjs_tailwind_shadcn_ts@0.1.0 start
> NODE_ENV=production tsx server.ts 2>&1 | tee server.log

2025-09-26T13:26:09: 2025-09-26T13:26:09: 2025-09-26T13:26:09: 2025-09-26T13:26:09: 
> nextjs_tailwind_shadcn_ts@0.1.0 start
> NODE_ENV=production tsx server.ts 2>&1 | tee server.log

2025-09-26T13:26:11: 2025-09-26T13:26:11: 2025-09-26T13:26:11: 2025-09-26T13:26:11: 
> nextjs_tailwind_shadcn_ts@0.1.0 start
> NODE_ENV=production tsx server.ts 2>&1 | tee server.log

2025-09-26T13:26:13: 2025-09-26T13:26:13: 2025-09-26T13:26:13: 2025-09-26T13:26:13: 
> nextjs_tailwind_shadcn_ts@0.1.0 start
> NODE_ENV=production tsx server.ts 2>&1 | tee server.log

2025-09-26T13:26:15: 2025-09-26T13:26:15: 2025-09-26T13:26:15: 2025-09-26T13:26:15: 
> nextjs_tailwind_shadcn_ts@0.1.0 start
> NODE_ENV=production tsx server.ts 2>&1 | tee server.log

2025-09-26T13:26:16: 2025-09-26T13:26:16: 2025-09-26T13:26:16: 2025-09-26T13:26:17: 
> nextjs_tailwind_shadcn_ts@0.1.0 start
> NODE_ENV=production tsx server.ts 2>&1 | tee server.log

2025-09-26T13:26:18: 2025-09-26T13:26:18: 2025-09-26T13:26:18: 2025-09-26T13:26:18: 
> nextjs_tailwind_shadcn_ts@0.1.0 start
> NODE_ENV=production tsx server.ts 2>&1 | tee server.log

2025-09-26T13:26:20: 2025-09-26T13:26:20: 2025-09-26T13:26:20: 2025-09-26T13:26:20: 
> nextjs_tailwind_shadcn_ts@0.1.0 start
> NODE_ENV=production tsx server.ts 2>&1 | tee server.log

2025-09-26T13:26:22: 2025-09-26T13:26:22: 2025-09-26T13:26:22: 
> nextjs_tailwind_shadcn_ts@0.1.0 start
> NODE_ENV=production tsx server.ts 2>&1 | tee server.log

2025-09-26T13:26:24: 2025-09-26T13:26:24: 2025-09-26T13:26:24: 2025-09-26T13:26:24: 
> nextjs_tailwind_shadcn_ts@0.1.0 start
> NODE_ENV=production tsx server.ts 2>&1 | tee server.log

2025-09-26T13:26:26: 2025-09-26T13:26:26: 2025-09-26T13:26:26: 2025-09-26T13:26:26: 
> nextjs_tailwind_shadcn_ts@0.1.0 start
> NODE_ENV=production tsx server.ts 2>&1 | tee server.log

2025-09-26T13:26:27: 2025-09-26T13:26:27: 2025-09-26T13:26:27: 2025-09-26T13:26:28: 
> nextjs_tailwind_shadcn_ts@0.1.0 start
> NODE_ENV=production tsx server.ts 2>&1 | tee server.log

2025-09-26T13:26:29: 2025-09-26T13:26:29: 2025-09-26T13:26:29: 2025-09-26T13:26:30: 
> nextjs_tailwind_shadcn_ts@0.1.0 start
> NODE_ENV=production tsx server.ts 2>&1 | tee server.log

2025-09-26T13:26:31: 2025-09-26T13:26:31: 2025-09-26T13:26:31: 2025-09-26T13:26:31: 
> nextjs_tailwind_shadcn_ts@0.1.0 start
> NODE_ENV=production tsx server.ts 2>&1 | tee server.log

2025-09-26T13:26:33: 2025-09-26T13:26:33: 2025-09-26T13:26:33: 2025-09-26T13:26:33: 
> nextjs_tailwind_shadcn_ts@0.1.0 start
> NODE_ENV=production tsx server.ts 2>&1 | tee server.log

2025-09-26T13:26:35: 2025-09-26T13:26:35: 2025-09-26T13:26:35: 2025-09-26T13:26:35: 
> nextjs_tailwind_shadcn_ts@0.1.0 start
> NODE_ENV=production tsx server.ts 2>&1 | tee server.log

2025-09-26T13:26:37: 2025-09-26T13:26:37: 2025-09-26T13:26:37: 2025-09-26T13:26:37: 
> nextjs_tailwind_shadcn_ts@0.1.0 start
> NODE_ENV=production tsx server.ts 2>&1 | tee server.log

2025-09-26T13:26:39: 2025-09-26T13:26:39: 2025-09-26T13:26:39: 2025-09-26T13:26:39: 
> nextjs_tailwind_shadcn_ts@0.1.0 start
> NODE_ENV=production tsx server.ts 2>&1 | tee server.log

2025-09-26T13:26:40: 2025-09-26T13:26:40: 2025-09-26T13:26:40: 2025-09-26T13:26:41: 
> nextjs_tailwind_shadcn_ts@0.1.0 start
> NODE_ENV=production tsx server.ts 2>&1 | tee server.log

2025-09-26T13:26:42: 2025-09-26T13:26:42: 2025-09-26T13:26:42: 2025-09-26T13:26:43: 
> nextjs_tailwind_shadcn_ts@0.1.0 start
> NODE_ENV=production tsx server.ts 2>&1 | tee server.log

2025-09-26T13:26:44: 2025-09-26T13:26:44: 2025-09-26T13:26:44: 2025-09-26T13:26:44: 
> nextjs_tailwind_shadcn_ts@0.1.0 start
> NODE_ENV=production tsx server.ts 2>&1 | tee server.log

2025-09-26T13:26:46: 2025-09-26T13:26:46: 2025-09-26T13:26:46: 2025-09-26T13:26:46: 
> nextjs_tailwind_shadcn_ts@0.1.0 start
> NODE_ENV=production tsx server.ts 2>&1 | tee server.log

2025-09-26T13:26:48: 2025-09-26T13:26:48: 2025-09-26T13:26:48: 2025-09-26T13:26:48: 
> nextjs_tailwind_shadcn_ts@0.1.0 start
> NODE_ENV=production tsx server.ts 2>&1 | tee server.log

2025-09-26T13:26:50: 2025-09-26T13:26:50: 2025-09-26T13:26:50: 2025-09-26T13:26:50: 
> nextjs_tailwind_shadcn_ts@0.1.0 start
> NODE_ENV=production tsx server.ts 2>&1 | tee server.log

2025-09-26T13:26:51: 2025-09-26T13:26:51: 2025-09-26T13:26:51: 2025-09-26T13:26:52: 
> nextjs_tailwind_shadcn_ts@0.1.0 start
> NODE_ENV=production tsx server.ts 2>&1 | tee server.log

2025-09-26T13:26:53: 2025-09-26T13:26:53: 2025-09-26T13:26:53: 2025-09-26T13:26:53: 
> nextjs_tailwind_shadcn_ts@0.1.0 start
> NODE_ENV=production tsx server.ts 2>&1 | tee server.log

2025-09-26T13:26:55: 2025-09-26T13:26:55: 2025-09-26T13:26:55: 2025-09-26T13:26:55: 
> nextjs_tailwind_shadcn_ts@0.1.0 start
> NODE_ENV=production tsx server.ts 2>&1 | tee server.log

2025-09-26T13:26:57: 2025-09-26T13:26:57: 2025-09-26T13:26:57: 2025-09-26T13:26:57: 
> nextjs_tailwind_shadcn_ts@0.1.0 start
> NODE_ENV=production tsx server.ts 2>&1 | tee server.log

2025-09-26T13:26:59: 2025-09-26T13:26:59: 2025-09-26T13:26:59: 2025-09-26T13:26:59: 
> nextjs_tailwind_shadcn_ts@0.1.0 start
> NODE_ENV=production tsx server.ts 2>&1 | tee server.log

2025-09-26T13:27:01: 2025-09-26T13:27:01: 2025-09-26T13:27:01: 2025-09-26T13:27:01: 
> nextjs_tailwind_shadcn_ts@0.1.0 start
> NODE_ENV=production tsx server.ts 2>&1 | tee server.log

2025-09-26T13:27:02: 2025-09-26T13:27:02: 2025-09-26T13:27:02: 2025-09-26T13:27:03: 
> nextjs_tailwind_shadcn_ts@0.1.0 start
> NODE_ENV=production tsx server.ts 2>&1 | tee server.log

2025-09-26T13:27:04: 2025-09-26T13:27:04: 2025-09-26T13:27:04: 2025-09-26T13:27:04: 
> nextjs_tailwind_shadcn_ts@0.1.0 start
> NODE_ENV=production tsx server.ts 2>&1 | tee server.log

2025-09-26T13:27:06: 2025-09-26T13:27:06: 2025-09-26T13:27:06: 2025-09-26T13:27:06: 
> nextjs_tailwind_shadcn_ts@0.1.0 start
> NODE_ENV=production tsx server.ts 2>&1 | tee server.log

2025-09-26T13:27:08: 2025-09-26T13:27:08: 2025-09-26T13:27:08: 2025-09-26T13:27:08: 
> nextjs_tailwind_shadcn_ts@0.1.0 start
> NODE_ENV=production tsx server.ts 2>&1 | tee server.log

2025-09-26T13:27:10: 2025-09-26T13:27:10: 2025-09-26T13:27:10: 2025-09-26T13:27:10: 
> nextjs_tailwind_shadcn_ts@0.1.0 start
> NODE_ENV=production tsx server.ts 2>&1 | tee server.log

2025-09-26T13:27:12: 2025-09-26T13:27:12: 2025-09-26T13:27:12: 2025-09-26T13:27:12: 
> nextjs_tailwind_shadcn_ts@0.1.0 start
> NODE_ENV=production tsx server.ts 2>&1 | tee server.log

2025-09-26T13:27:13: 2025-09-26T13:27:13: 2025-09-26T13:27:13: 2025-09-26T13:27:14: 
> nextjs_tailwind_shadcn_ts@0.1.0 start
> NODE_ENV=production tsx server.ts 2>&1 | tee server.log

2025-09-26T13:27:15: 
> nextjs_tailwind_shadcn_ts@0.1.0 start
> NODE_ENV=production tsx server.ts 2>&1 | tee server.log

2025-09-26T13:27:16: 2025-09-26T13:27:16: 2025-09-26T13:27:16: 2025-09-26T13:27:17: 
> nextjs_tailwind_shadcn_ts@0.1.0 start
> NODE_ENV=production tsx server.ts 2>&1 | tee server.log

2025-09-26T13:27:18: 2025-09-26T13:27:18: 2025-09-26T13:27:18: 2025-09-26T13:27:19: 
> nextjs_tailwind_shadcn_ts@0.1.0 start
> NODE_ENV=production tsx server.ts 2>&1 | tee server.log

2025-09-26T13:27:20: 2025-09-26T13:27:20: 2025-09-26T13:27:20: 2025-09-26T13:27:20: 
> nextjs_tailwind_shadcn_ts@0.1.0 start
> NODE_ENV=production tsx server.ts 2>&1 | tee server.log

2025-09-26T13:27:22: 2025-09-26T13:27:22: 2025-09-26T13:27:22: 2025-09-26T13:27:22: 
> nextjs_tailwind_shadcn_ts@0.1.0 start
> NODE_ENV=production tsx server.ts 2>&1 | tee server.log

2025-09-26T13:27:24: 2025-09-26T13:27:24: 2025-09-26T13:27:24: 2025-09-26T13:27:24: 
> nextjs_tailwind_shadcn_ts@0.1.0 start
> NODE_ENV=production tsx server.ts 2>&1 | tee server.log

2025-09-26T13:27:26: 2025-09-26T13:27:26: 2025-09-26T13:27:26: 2025-09-26T13:27:26: 
> nextjs_tailwind_shadcn_ts@0.1.0 start
> NODE_ENV=production tsx server.ts 2>&1 | tee server.log

2025-09-26T13:27:28: 2025-09-26T13:27:28: 2025-09-26T13:27:28: 2025-09-26T13:27:28: 
> nextjs_tailwind_shadcn_ts@0.1.0 start
> NODE_ENV=production tsx server.ts 2>&1 | tee server.log

2025-09-26T13:27:30: 2025-09-26T13:27:30: 2025-09-26T13:27:30: 2025-09-26T13:27:30: 
> nextjs_tailwind_shadcn_ts@0.1.0 start
> NODE_ENV=production tsx server.ts 2>&1 | tee server.log

2025-09-26T13:27:31: 2025-09-26T13:27:31: 2025-09-26T13:27:31: 2025-09-26T13:27:32: 
> nextjs_tailwind_shadcn_ts@0.1.0 start
> NODE_ENV=production tsx server.ts 2>&1 | tee server.log

2025-09-26T13:27:33: 2025-09-26T13:27:33: 2025-09-26T13:27:33: 2025-09-26T13:27:34: 
> nextjs_tailwind_shadcn_ts@0.1.0 start
> NODE_ENV=production tsx server.ts 2>&1 | tee server.log

2025-09-26T13:27:35: 2025-09-26T13:27:35: 2025-09-26T13:27:35: 2025-09-26T13:27:35: 
> nextjs_tailwind_shadcn_ts@0.1.0 start
> NODE_ENV=production tsx server.ts 2>&1 | tee server.log

2025-09-26T13:27:37: 2025-09-26T13:27:37: 2025-09-26T13:27:37: 2025-09-26T13:27:37: 
> nextjs_tailwind_shadcn_ts@0.1.0 start
> NODE_ENV=production tsx server.ts 2>&1 | tee server.log

2025-09-26T13:27:39: 2025-09-26T13:27:39: 2025-09-26T13:27:39: 2025-09-26T13:27:39: 
> nextjs_tailwind_shadcn_ts@0.1.0 start
> NODE_ENV=production tsx server.ts 2>&1 | tee server.log

2025-09-26T13:27:41: 2025-09-26T13:27:41: 2025-09-26T13:27:41: 2025-09-26T13:27:41: 
> nextjs_tailwind_shadcn_ts@0.1.0 start
> NODE_ENV=production tsx server.ts 2>&1 | tee server.log

2025-09-26T13:27:43: 2025-09-26T13:27:43: 2025-09-26T13:27:43: 2025-09-26T13:27:43: 
> nextjs_tailwind_shadcn_ts@0.1.0 start
> NODE_ENV=production tsx server.ts 2>&1 | tee server.log

2025-09-26T13:27:44: 2025-09-26T13:27:44: 2025-09-26T13:27:44: 2025-09-26T13:27:45: 
> nextjs_tailwind_shadcn_ts@0.1.0 start
> NODE_ENV=production tsx server.ts 2>&1 | tee server.log

2025-09-26T13:27:46: 2025-09-26T13:27:46: 2025-09-26T13:27:46: 2025-09-26T13:27:47: 
> nextjs_tailwind_shadcn_ts@0.1.0 start
> NODE_ENV=production tsx server.ts 2>&1 | tee server.log

2025-09-26T13:27:48: 2025-09-26T13:27:48: 2025-09-26T13:27:48: 2025-09-26T13:27:49: 
> nextjs_tailwind_shadcn_ts@0.1.0 start
> NODE_ENV=production tsx server.ts 2>&1 | tee server.log

2025-09-26T13:27:50: 2025-09-26T13:27:50: 2025-09-26T13:27:50: 2025-09-26T13:27:50: 
> nextjs_tailwind_shadcn_ts@0.1.0 start
> NODE_ENV=production tsx server.ts 2>&1 | tee server.log

2025-09-26T13:27:52: 2025-09-26T13:27:52: 2025-09-26T13:27:52: 2025-09-26T13:29:16: 
> nextjs_tailwind_shadcn_ts@0.1.0 start
> NODE_ENV=production tsx server.ts 2>&1 | tee server.log

2025-09-26T13:29:18: 2025-09-26T13:29:18: 2025-09-26T13:29:18: 2025-09-26T13:29:18: 
> nextjs_tailwind_shadcn_ts@0.1.0 start
> NODE_ENV=production tsx server.ts 2>&1 | tee server.log

2025-09-26T13:29:19: 2025-09-26T13:29:19: 2025-09-26T13:29:19: 2025-09-26T13:29:20: 
> nextjs_tailwind_shadcn_ts@0.1.0 start
> NODE_ENV=production tsx server.ts 2>&1 | tee server.log

2025-09-26T13:29:21: 2025-09-26T13:29:21: 2025-09-26T13:29:21: 2025-09-26T13:29:21: 
> nextjs_tailwind_shadcn_ts@0.1.0 start
> NODE_ENV=production tsx server.ts 2>&1 | tee server.log

2025-09-26T13:29:23: 2025-09-26T13:29:23: 2025-09-26T13:29:23: 2025-09-26T13:29:23: 
> nextjs_tailwind_shadcn_ts@0.1.0 start
> NODE_ENV=production tsx server.ts 2>&1 | tee server.log

2025-09-26T13:29:25: 2025-09-26T13:29:25: 2025-09-26T13:29:25: 2025-09-26T13:29:25: 
> nextjs_tailwind_shadcn_ts@0.1.0 start
> NODE_ENV=production tsx server.ts 2>&1 | tee server.log

2025-09-26T13:29:27: 2025-09-26T13:29:27: 2025-09-26T13:29:27: 2025-09-26T13:29:27: 
> nextjs_tailwind_shadcn_ts@0.1.0 start
> NODE_ENV=production tsx server.ts 2>&1 | tee server.log

2025-09-26T13:29:29: 2025-09-26T13:29:29: 2025-09-26T13:29:29: 2025-09-26T13:29:29: 
> nextjs_tailwind_shadcn_ts@0.1.0 start
> NODE_ENV=production tsx server.ts 2>&1 | tee server.log

2025-09-26T13:29:30: 2025-09-26T13:29:30: 2025-09-26T13:29:30: 2025-09-26T13:29:31: 
> nextjs_tailwind_shadcn_ts@0.1.0 start
> NODE_ENV=production tsx server.ts 2>&1 | tee server.log

2025-09-26T13:29:32: 2025-09-26T13:29:32: 2025-09-26T13:29:32: 2025-09-26T13:29:33: 
> nextjs_tailwind_shadcn_ts@0.1.0 start
> NODE_ENV=production tsx server.ts 2>&1 | tee server.log

2025-09-26T13:29:34: 2025-09-26T13:29:34: 2025-09-26T13:29:34: 2025-09-26T13:29:34: 
> nextjs_tailwind_shadcn_ts@0.1.0 start
> NODE_ENV=production tsx server.ts 2>&1 | tee server.log

2025-09-26T13:29:36: 2025-09-26T13:29:36: 2025-09-26T13:29:36: 2025-09-26T13:29:36: 
> nextjs_tailwind_shadcn_ts@0.1.0 start
> NODE_ENV=production tsx server.ts 2>&1 | tee server.log

2025-09-26T13:29:38: 2025-09-26T13:29:38: 2025-09-26T13:29:38: 2025-09-26T13:29:38: 
> nextjs_tailwind_shadcn_ts@0.1.0 start
> NODE_ENV=production tsx server.ts 2>&1 | tee server.log

2025-09-26T13:29:40: 2025-09-26T13:29:40: 2025-09-26T13:29:40: 2025-09-26T13:29:40: 
> nextjs_tailwind_shadcn_ts@0.1.0 start
> NODE_ENV=production tsx server.ts 2>&1 | tee server.log

2025-09-26T13:29:42: 2025-09-26T13:29:42: 2025-09-26T13:29:42: 2025-09-26T13:29:42: 
> nextjs_tailwind_shadcn_ts@0.1.0 start
> NODE_ENV=production tsx server.ts 2>&1 | tee server.log

2025-09-26T13:29:44: 2025-09-26T13:29:44: 2025-09-26T13:29:44: 2025-09-26T13:29:44: 
> nextjs_tailwind_shadcn_ts@0.1.0 start
> NODE_ENV=production tsx server.ts 2>&1 | tee server.log

2025-09-26T13:29:45: 2025-09-26T13:29:45: 2025-09-26T13:29:45: 2025-09-26T13:29:46: 
> nextjs_tailwind_shadcn_ts@0.1.0 start
> NODE_ENV=production tsx server.ts 2>&1 | tee server.log

2025-09-26T13:29:47: 2025-09-26T13:29:47: 2025-09-26T13:29:47: 2025-09-26T13:29:47: 
> nextjs_tailwind_shadcn_ts@0.1.0 start
> NODE_ENV=production tsx server.ts 2>&1 | tee server.log

2025-09-26T13:29:49: 2025-09-26T13:29:49: 2025-09-26T13:29:49: 2025-09-26T13:29:49: 
> nextjs_tailwind_shadcn_ts@0.1.0 start
> NODE_ENV=production tsx server.ts 2>&1 | tee server.log

